# lattice-best-path --lm-scale=12 --word-symbol-table=exp/tri1/graph/words.txt "ark:gunzip -c exp/tri1/decode/lat.*.gz|" ark,t:exp/tri1/decode/scoring/12.tra 
# Started at Mon May 15 17:17:42 IST 2017
#
lattice-best-path --lm-scale=12 --word-symbol-table=exp/tri1/graph/words.txt 'ark:gunzip -c exp/tri1/decode/lat.*.gz|' ark,t:exp/tri1/decode/scoring/12.tra 
LOG (lattice-best-path[5.1.87~1-6eebc]:main():lattice-best-path.cc:99) For utterance Speaker1_0, best cost 60.4198 + 5863.36 = 5923.78 over 51 frames.
Speaker1_0 
LOG (lattice-best-path[5.1.87~1-6eebc]:main():lattice-best-path.cc:99) For utterance Speaker1_1, best cost 61.0393 + 5467.29 = 5528.32 over 51 frames.
Speaker1_1 
LOG (lattice-best-path[5.1.87~1-6eebc]:main():lattice-best-path.cc:99) For utterance Speaker1_2, best cost 64.4803 + 6155.41 = 6219.89 over 53 frames.
Speaker1_2 
LOG (lattice-best-path[5.1.87~1-6eebc]:main():lattice-best-path.cc:99) For utterance Speaker1_3, best cost 55.0541 + 5039.52 = 5094.57 over 45 frames.
Speaker1_3 
LOG (lattice-best-path[5.1.87~1-6eebc]:main():lattice-best-path.cc:99) For utterance Speaker1_4, best cost 78.6787 + 4438.71 = 4517.39 over 40 frames.
Speaker1_4 
LOG (lattice-best-path[5.1.87~1-6eebc]:main():lattice-best-path.cc:99) For utterance Speaker1_5, best cost 58.6462 + 4203.12 = 4261.76 over 39 frames.
Speaker1_5 
LOG (lattice-best-path[5.1.87~1-6eebc]:main():lattice-best-path.cc:99) For utterance Speaker1_6, best cost 77.7871 + 6770.93 = 6848.72 over 62 frames.
Speaker1_6 
LOG (lattice-best-path[5.1.87~1-6eebc]:main():lattice-best-path.cc:99) For utterance Speaker1_7, best cost 55.302 + 5139.95 = 5195.25 over 45 frames.
Speaker1_7 
LOG (lattice-best-path[5.1.87~1-6eebc]:main():lattice-best-path.cc:99) For utterance Speaker1_8, best cost 48.6185 + 3790.26 = 3838.87 over 38 frames.
Speaker1_8 
LOG (lattice-best-path[5.1.87~1-6eebc]:main():lattice-best-path.cc:99) For utterance Speaker1_9, best cost 57.0689 + 5891.32 = 5948.39 over 55 frames.
Speaker1_9 
LOG (lattice-best-path[5.1.87~1-6eebc]:main():lattice-best-path.cc:124) Overall cost per frame is 111.434 = 1.2883 [graph] + 110.146 [acoustic] over 479 frames.
LOG (lattice-best-path[5.1.87~1-6eebc]:main():lattice-best-path.cc:128) Done 10 lattices, failed for 0
# Accounting: time=0 threads=1
# Ended (code 0) at Mon May 15 17:17:42 IST 2017, elapsed time 0 seconds
