# lattice-best-path --lm-scale=10 --word-symbol-table=exp/tri1/graph/words.txt "ark:gunzip -c exp/tri1/decode/lat.*.gz|" ark,t:exp/tri1/decode/scoring/10.tra 
# Started at Mon May 15 17:17:42 IST 2017
#
lattice-best-path --lm-scale=10 --word-symbol-table=exp/tri1/graph/words.txt 'ark:gunzip -c exp/tri1/decode/lat.*.gz|' ark,t:exp/tri1/decode/scoring/10.tra 
LOG (lattice-best-path[5.1.87~1-6eebc]:main():lattice-best-path.cc:99) For utterance Speaker1_0, best cost 50.3498 + 5863.36 = 5913.71 over 51 frames.
Speaker1_0 
LOG (lattice-best-path[5.1.87~1-6eebc]:main():lattice-best-path.cc:99) For utterance Speaker1_1, best cost 50.8661 + 5467.29 = 5518.15 over 51 frames.
Speaker1_1 
LOG (lattice-best-path[5.1.87~1-6eebc]:main():lattice-best-path.cc:99) For utterance Speaker1_2, best cost 53.7336 + 6155.41 = 6209.14 over 53 frames.
Speaker1_2 
LOG (lattice-best-path[5.1.87~1-6eebc]:main():lattice-best-path.cc:99) For utterance Speaker1_3, best cost 45.8784 + 5039.52 = 5085.39 over 45 frames.
Speaker1_3 
LOG (lattice-best-path[5.1.87~1-6eebc]:main():lattice-best-path.cc:99) For utterance Speaker1_4, best cost 65.5656 + 4438.71 = 4504.28 over 40 frames.
Speaker1_4 
LOG (lattice-best-path[5.1.87~1-6eebc]:main():lattice-best-path.cc:99) For utterance Speaker1_5, best cost 48.8718 + 4203.12 = 4251.99 over 39 frames.
Speaker1_5 
LOG (lattice-best-path[5.1.87~1-6eebc]:main():lattice-best-path.cc:99) For utterance Speaker1_6, best cost 64.8226 + 6770.93 = 6835.75 over 62 frames.
Speaker1_6 
LOG (lattice-best-path[5.1.87~1-6eebc]:main():lattice-best-path.cc:99) For utterance Speaker1_7, best cost 46.085 + 5139.95 = 5186.03 over 45 frames.
Speaker1_7 
LOG (lattice-best-path[5.1.87~1-6eebc]:main():lattice-best-path.cc:99) For utterance Speaker1_8, best cost 40.5154 + 3790.26 = 3830.77 over 38 frames.
Speaker1_8 
LOG (lattice-best-path[5.1.87~1-6eebc]:main():lattice-best-path.cc:99) For utterance Speaker1_9, best cost 47.5574 + 5891.32 = 5938.88 over 55 frames.
Speaker1_9 
LOG (lattice-best-path[5.1.87~1-6eebc]:main():lattice-best-path.cc:124) Overall cost per frame is 111.219 = 1.07358 [graph] + 110.146 [acoustic] over 479 frames.
LOG (lattice-best-path[5.1.87~1-6eebc]:main():lattice-best-path.cc:128) Done 10 lattices, failed for 0
# Accounting: time=0 threads=1
# Ended (code 0) at Mon May 15 17:17:42 IST 2017, elapsed time 0 seconds
