# lattice-best-path --lm-scale=8 --word-symbol-table=exp/tri1/graph/words.txt "ark:gunzip -c exp/tri1/decode/lat.*.gz|" ark,t:exp/tri1/decode/scoring/8.tra 
# Started at Mon May 15 17:17:42 IST 2017
#
lattice-best-path --lm-scale=8 --word-symbol-table=exp/tri1/graph/words.txt 'ark:gunzip -c exp/tri1/decode/lat.*.gz|' ark,t:exp/tri1/decode/scoring/8.tra 
LOG (lattice-best-path[5.1.87~1-6eebc]:main():lattice-best-path.cc:99) For utterance Speaker1_0, best cost 40.2799 + 5863.36 = 5903.64 over 51 frames.
Speaker1_0 
LOG (lattice-best-path[5.1.87~1-6eebc]:main():lattice-best-path.cc:99) For utterance Speaker1_1, best cost 40.6929 + 5467.29 = 5507.98 over 51 frames.
Speaker1_1 
LOG (lattice-best-path[5.1.87~1-6eebc]:main():lattice-best-path.cc:99) For utterance Speaker1_2, best cost 42.9869 + 6155.41 = 6198.4 over 53 frames.
Speaker1_2 
LOG (lattice-best-path[5.1.87~1-6eebc]:main():lattice-best-path.cc:99) For utterance Speaker1_3, best cost 36.7027 + 5039.52 = 5076.22 over 45 frames.
Speaker1_3 
LOG (lattice-best-path[5.1.87~1-6eebc]:main():lattice-best-path.cc:99) For utterance Speaker1_4, best cost 52.4525 + 4438.71 = 4491.17 over 40 frames.
Speaker1_4 
LOG (lattice-best-path[5.1.87~1-6eebc]:main():lattice-best-path.cc:99) For utterance Speaker1_5, best cost 39.0975 + 4203.12 = 4242.22 over 39 frames.
Speaker1_5 
LOG (lattice-best-path[5.1.87~1-6eebc]:main():lattice-best-path.cc:99) For utterance Speaker1_6, best cost 51.858 + 6770.93 = 6822.79 over 62 frames.
Speaker1_6 
LOG (lattice-best-path[5.1.87~1-6eebc]:main():lattice-best-path.cc:99) For utterance Speaker1_7, best cost 36.868 + 5139.95 = 5176.82 over 45 frames.
Speaker1_7 
LOG (lattice-best-path[5.1.87~1-6eebc]:main():lattice-best-path.cc:99) For utterance Speaker1_8, best cost 32.4123 + 3790.26 = 3822.67 over 38 frames.
Speaker1_8 
LOG (lattice-best-path[5.1.87~1-6eebc]:main():lattice-best-path.cc:99) For utterance Speaker1_9, best cost 38.046 + 5891.32 = 5929.37 over 55 frames.
Speaker1_9 
LOG (lattice-best-path[5.1.87~1-6eebc]:main():lattice-best-path.cc:124) Overall cost per frame is 111.005 = 0.858865 [graph] + 110.146 [acoustic] over 479 frames.
LOG (lattice-best-path[5.1.87~1-6eebc]:main():lattice-best-path.cc:128) Done 10 lattices, failed for 0
# Accounting: time=0 threads=1
# Ended (code 0) at Mon May 15 17:17:42 IST 2017, elapsed time 0 seconds
