# lattice-best-path --lm-scale=11 --word-symbol-table=exp/tri1/graph/words.txt "ark:gunzip -c exp/tri1/decode/lat.*.gz|" ark,t:exp/tri1/decode/scoring/11.tra 
# Started at Mon May 15 17:17:42 IST 2017
#
lattice-best-path --lm-scale=11 --word-symbol-table=exp/tri1/graph/words.txt 'ark:gunzip -c exp/tri1/decode/lat.*.gz|' ark,t:exp/tri1/decode/scoring/11.tra 
LOG (lattice-best-path[5.1.87~1-6eebc]:main():lattice-best-path.cc:99) For utterance Speaker1_0, best cost 55.3848 + 5863.36 = 5918.75 over 51 frames.
Speaker1_0 
LOG (lattice-best-path[5.1.87~1-6eebc]:main():lattice-best-path.cc:99) For utterance Speaker1_1, best cost 55.9527 + 5467.29 = 5523.24 over 51 frames.
Speaker1_1 
LOG (lattice-best-path[5.1.87~1-6eebc]:main():lattice-best-path.cc:99) For utterance Speaker1_2, best cost 59.1069 + 6155.41 = 6214.52 over 53 frames.
Speaker1_2 
LOG (lattice-best-path[5.1.87~1-6eebc]:main():lattice-best-path.cc:99) For utterance Speaker1_3, best cost 50.4662 + 5039.52 = 5089.98 over 45 frames.
Speaker1_3 
LOG (lattice-best-path[5.1.87~1-6eebc]:main():lattice-best-path.cc:99) For utterance Speaker1_4, best cost 72.1222 + 4438.71 = 4510.83 over 40 frames.
Speaker1_4 
LOG (lattice-best-path[5.1.87~1-6eebc]:main():lattice-best-path.cc:99) For utterance Speaker1_5, best cost 53.759 + 4203.12 = 4256.88 over 39 frames.
Speaker1_5 
LOG (lattice-best-path[5.1.87~1-6eebc]:main():lattice-best-path.cc:99) For utterance Speaker1_6, best cost 71.3048 + 6770.93 = 6842.24 over 62 frames.
Speaker1_6 
LOG (lattice-best-path[5.1.87~1-6eebc]:main():lattice-best-path.cc:99) For utterance Speaker1_7, best cost 50.6935 + 5139.95 = 5190.64 over 45 frames.
Speaker1_7 
LOG (lattice-best-path[5.1.87~1-6eebc]:main():lattice-best-path.cc:99) For utterance Speaker1_8, best cost 44.5669 + 3790.26 = 3834.82 over 38 frames.
Speaker1_8 
LOG (lattice-best-path[5.1.87~1-6eebc]:main():lattice-best-path.cc:99) For utterance Speaker1_9, best cost 52.3132 + 5891.32 = 5943.64 over 55 frames.
Speaker1_9 
LOG (lattice-best-path[5.1.87~1-6eebc]:main():lattice-best-path.cc:124) Overall cost per frame is 111.327 = 1.18094 [graph] + 110.146 [acoustic] over 479 frames.
LOG (lattice-best-path[5.1.87~1-6eebc]:main():lattice-best-path.cc:128) Done 10 lattices, failed for 0
# Accounting: time=0 threads=1
# Ended (code 0) at Mon May 15 17:17:42 IST 2017, elapsed time 0 seconds
