# lattice-best-path --lm-scale=15 --word-symbol-table=exp/tri1/graph/words.txt "ark:gunzip -c exp/tri1/decode/lat.*.gz|" ark,t:exp/tri1/decode/scoring/15.tra 
# Started at Tue May 16 14:41:27 IST 2017
#
lattice-best-path --lm-scale=15 --word-symbol-table=exp/tri1/graph/words.txt 'ark:gunzip -c exp/tri1/decode/lat.*.gz|' ark,t:exp/tri1/decode/scoring/15.tra 
LOG (lattice-best-path[5.1.87~1-6eebc]:main():lattice-best-path.cc:99) For utterance Speaker1_1_1_1_0_0_0_0_1, best cost 565.618 + 50275.3 = 50841 over 602 frames.
Speaker1_1_1_1_0_0_0_0_1 can can can no no no no can 
LOG (lattice-best-path[5.1.87~1-6eebc]:main():lattice-best-path.cc:99) For utterance Speaker1_1_1_1_0_0_1_0_1, best cost 577.367 + 53123.6 = 53701 over 633 frames.
Speaker1_1_1_1_0_0_1_0_1 can can can no no can no can 
LOG (lattice-best-path[5.1.87~1-6eebc]:main():lattice-best-path.cc:99) For utterance Speaker1_1_1_1_0_0_1_1_1, best cost 627.287 + 49665.1 = 50292.4 over 569 frames.
Speaker1_1_1_1_0_0_1_1_1 can can can no no can can can 
LOG (lattice-best-path[5.1.87~1-6eebc]:main():lattice-best-path.cc:99) For utterance Speaker1_1_1_1_0_1_0_1_0, best cost 534.373 + 51734.1 = 52268.5 over 605 frames.
Speaker1_1_1_1_0_1_0_1_0 can can can no can no can no 
LOG (lattice-best-path[5.1.87~1-6eebc]:main():lattice-best-path.cc:99) For utterance Speaker1_1_1_1_0_1_0_1_1, best cost 595.616 + 52292 = 52887.6 over 620 frames.
Speaker1_1_1_1_0_1_0_1_1 can can can no can no can can 
LOG (lattice-best-path[5.1.87~1-6eebc]:main():lattice-best-path.cc:99) For utterance Speaker1_1_1_1_1_0_0_1_0, best cost 643.074 + 56521.1 = 57164.1 over 670 frames.
Speaker1_1_1_1_1_0_0_1_0 can can can can no no can no 
LOG (lattice-best-path[5.1.87~1-6eebc]:main():lattice-best-path.cc:99) For utterance Speaker1_1_1_1_1_0_1_0_0, best cost 623.756 + 48037.4 = 48661.2 over 538 frames.
Speaker1_1_1_1_1_0_1_0_0 can can can can can no can no no 
LOG (lattice-best-path[5.1.87~1-6eebc]:main():lattice-best-path.cc:99) For utterance Speaker1_1_1_1_1_1_0_0_0, best cost 642.396 + 53134.9 = 53777.2 over 612 frames.
Speaker1_1_1_1_1_1_0_0_0 can can can can can no no no 
LOG (lattice-best-path[5.1.87~1-6eebc]:main():lattice-best-path.cc:99) For utterance Speaker1_1_1_1_1_1_1_0_0, best cost 614.375 + 56852.5 = 57466.9 over 656 frames.
Speaker1_1_1_1_1_1_1_0_0 can can can can can can no no 
LOG (lattice-best-path[5.1.87~1-6eebc]:main():lattice-best-path.cc:99) For utterance Speaker1_1_1_1_1_1_1_1_1, best cost 663.69 + 52825.6 = 53489.2 over 644 frames.
Speaker1_1_1_1_1_1_1_1_1 can can can can can can can can 
LOG (lattice-best-path[5.1.87~1-6eebc]:main():lattice-best-path.cc:124) Overall cost per frame is 86.2822 = 0.990007 [graph] + 85.2922 [acoustic] over 6149 frames.
LOG (lattice-best-path[5.1.87~1-6eebc]:main():lattice-best-path.cc:128) Done 10 lattices, failed for 0
# Accounting: time=0 threads=1
# Ended (code 0) at Tue May 16 14:41:27 IST 2017, elapsed time 0 seconds
