# lattice-best-path --lm-scale=17 --word-symbol-table=exp/tri1/graph/words.txt "ark:gunzip -c exp/tri1/decode/lat.*.gz|" ark,t:exp/tri1/decode/scoring/17.tra 
# Started at Tue May 16 14:41:27 IST 2017
#
lattice-best-path --lm-scale=17 --word-symbol-table=exp/tri1/graph/words.txt 'ark:gunzip -c exp/tri1/decode/lat.*.gz|' ark,t:exp/tri1/decode/scoring/17.tra 
LOG (lattice-best-path[5.1.87~1-6eebc]:main():lattice-best-path.cc:99) For utterance Speaker1_1_1_1_0_0_0_0_1, best cost 641.034 + 50275.3 = 50916.4 over 602 frames.
Speaker1_1_1_1_0_0_0_0_1 can can can no no no no can 
LOG (lattice-best-path[5.1.87~1-6eebc]:main():lattice-best-path.cc:99) For utterance Speaker1_1_1_1_0_0_1_0_1, best cost 654.35 + 53123.6 = 53778 over 633 frames.
Speaker1_1_1_1_0_0_1_0_1 can can can no no can no can 
LOG (lattice-best-path[5.1.87~1-6eebc]:main():lattice-best-path.cc:99) For utterance Speaker1_1_1_1_0_0_1_1_1, best cost 710.926 + 49665.1 = 50376.1 over 569 frames.
Speaker1_1_1_1_0_0_1_1_1 can can can no no can can can 
LOG (lattice-best-path[5.1.87~1-6eebc]:main():lattice-best-path.cc:99) For utterance Speaker1_1_1_1_0_1_0_1_0, best cost 605.623 + 51734.1 = 52339.8 over 605 frames.
Speaker1_1_1_1_0_1_0_1_0 can can can no can no can no 
LOG (lattice-best-path[5.1.87~1-6eebc]:main():lattice-best-path.cc:99) For utterance Speaker1_1_1_1_0_1_0_1_1, best cost 675.032 + 52292 = 52967 over 620 frames.
Speaker1_1_1_1_0_1_0_1_1 can can can no can no can can 
LOG (lattice-best-path[5.1.87~1-6eebc]:main():lattice-best-path.cc:99) For utterance Speaker1_1_1_1_1_0_0_1_0, best cost 728.817 + 56521.1 = 57249.9 over 670 frames.
Speaker1_1_1_1_1_0_0_1_0 can can can can no no can no 
LOG (lattice-best-path[5.1.87~1-6eebc]:main():lattice-best-path.cc:99) For utterance Speaker1_1_1_1_1_0_1_0_0, best cost 706.923 + 48037.4 = 48744.3 over 538 frames.
Speaker1_1_1_1_1_0_1_0_0 can can can can can no can no no 
LOG (lattice-best-path[5.1.87~1-6eebc]:main():lattice-best-path.cc:99) For utterance Speaker1_1_1_1_1_1_0_0_0, best cost 728.049 + 53134.9 = 53862.9 over 612 frames.
Speaker1_1_1_1_1_1_0_0_0 can can can can can no no no 
LOG (lattice-best-path[5.1.87~1-6eebc]:main():lattice-best-path.cc:99) For utterance Speaker1_1_1_1_1_1_1_0_0, best cost 696.292 + 56852.5 = 57548.8 over 656 frames.
Speaker1_1_1_1_1_1_1_0_0 can can can can can can no no 
LOG (lattice-best-path[5.1.87~1-6eebc]:main():lattice-best-path.cc:99) For utterance Speaker1_1_1_1_1_1_1_1_1, best cost 752.182 + 52825.6 = 53577.7 over 644 frames.
Speaker1_1_1_1_1_1_1_1_1 can can can can can can can can 
LOG (lattice-best-path[5.1.87~1-6eebc]:main():lattice-best-path.cc:124) Overall cost per frame is 86.4142 = 1.12201 [graph] + 85.2922 [acoustic] over 6149 frames.
LOG (lattice-best-path[5.1.87~1-6eebc]:main():lattice-best-path.cc:128) Done 10 lattices, failed for 0
# Accounting: time=0 threads=1
# Ended (code 0) at Tue May 16 14:41:27 IST 2017, elapsed time 0 seconds
