nohup: ignoring input
local/chain/run_cnn_resnet_tdnn.sh --stage 13
steps/nnet3/decode.sh --acwt 1.0 --post-decode-acwt 10.0 --nj 20 --cmd queue.pl --mem 4G --online-ivector-dir exp/nnet3/ivectors_dev exp/chain/cnn_resnet_tdnn_1a_sp/graph data/dev_hires exp/chain/cnn_resnet_tdnn_1a_sp/decode_dev
steps/nnet3/decode.sh: feature type is raw
steps/diagnostic/analyze_lats.sh --cmd queue.pl --mem 4G --iter final exp/chain/cnn_resnet_tdnn_1a_sp/graph exp/chain/cnn_resnet_tdnn_1a_sp/decode_dev
steps/diagnostic/analyze_lats.sh: see stats in exp/chain/cnn_resnet_tdnn_1a_sp/decode_dev/log/analyze_alignments.log
Overall, lattice depth (10,50,90-percentile)=(2,10,120) and mean=49.0
steps/diagnostic/analyze_lats.sh: see stats in exp/chain/cnn_resnet_tdnn_1a_sp/decode_dev/log/analyze_lattice_depth_stats.log
score best paths
+ steps/score_kaldi.sh --cmd 'queue.pl --mem 4G' data/dev_hires exp/chain/cnn_resnet_tdnn_1a_sp/graph exp/chain/cnn_resnet_tdnn_1a_sp/decode_dev
steps/score_kaldi.sh --cmd queue.pl --mem 4G data/dev_hires exp/chain/cnn_resnet_tdnn_1a_sp/graph exp/chain/cnn_resnet_tdnn_1a_sp/decode_dev
steps/score_kaldi.sh: scoring with word insertion penalty=0.0,0.5,1.0
queue.pl: 11 / 11 failed, log is in exp/chain/cnn_resnet_tdnn_1a_sp/decode_dev/scoring_kaldi/penalty_0.0/log/score.*.log
score confidence and timing with sclite
Decoding done.
steps/nnet3/decode.sh --acwt 1.0 --post-decode-acwt 10.0 --nj 20 --cmd queue.pl --mem 4G --online-ivector-dir exp/nnet3/ivectors_test exp/chain/cnn_resnet_tdnn_1a_sp/graph data/test_hires exp/chain/cnn_resnet_tdnn_1a_sp/decode_test
steps/nnet3/decode.sh: feature type is raw
steps/diagnostic/analyze_lats.sh --cmd queue.pl --mem 4G --iter final exp/chain/cnn_resnet_tdnn_1a_sp/graph exp/chain/cnn_resnet_tdnn_1a_sp/decode_test
steps/diagnostic/analyze_lats.sh: see stats in exp/chain/cnn_resnet_tdnn_1a_sp/decode_test/log/analyze_alignments.log
Overall, lattice depth (10,50,90-percentile)=(2,11,158) and mean=63.5
steps/diagnostic/analyze_lats.sh: see stats in exp/chain/cnn_resnet_tdnn_1a_sp/decode_test/log/analyze_lattice_depth_stats.log
score best paths
+ steps/score_kaldi.sh --cmd 'queue.pl --mem 4G' data/test_hires exp/chain/cnn_resnet_tdnn_1a_sp/graph exp/chain/cnn_resnet_tdnn_1a_sp/decode_test
steps/score_kaldi.sh --cmd queue.pl --mem 4G data/test_hires exp/chain/cnn_resnet_tdnn_1a_sp/graph exp/chain/cnn_resnet_tdnn_1a_sp/decode_test
steps/score_kaldi.sh: scoring with word insertion penalty=0.0,0.5,1.0
+ steps/scoring/score_kaldi_cer.sh --stage 2 --cmd 'queue.pl --mem 4G' data/test_hires exp/chain/cnn_resnet_tdnn_1a_sp/graph exp/chain/cnn_resnet_tdnn_1a_sp/decode_test
steps/scoring/score_kaldi_cer.sh --stage 2 --cmd queue.pl --mem 4G data/test_hires exp/chain/cnn_resnet_tdnn_1a_sp/graph exp/chain/cnn_resnet_tdnn_1a_sp/decode_test
steps/scoring/score_kaldi_cer.sh: scoring with word insertion penalty=0.0,0.5,1.0
+ echo 'local/score.sh: Done'
local/score.sh: Done
score confidence and timing with sclite
Decoding done.
