# build-tree --verbose=1 --max-leaves=2000 --cluster-thresh=-1 exp/tri1/treeacc data/lang/phones/roots.int exp/tri1/questions.qst data/lang/topo exp/tri1/tree 
# Started at Mon May 15 17:17:36 IST 2017
#
build-tree --verbose=1 --max-leaves=2000 --cluster-thresh=-1 exp/tri1/treeacc data/lang/phones/roots.int exp/tri1/questions.qst data/lang/topo exp/tri1/tree 
LOG (build-tree[5.1.87~1-6eebc]:main():build-tree.cc:100) Number of separate statistics is 10
LOG (build-tree[5.1.87~1-6eebc]:BuildTree():build-tree.cc:159) BuildTree: before building trees, map has 22 leaves.
LOG (build-tree[5.1.87~1-6eebc]:SplitDecisionTree():build-tree-utils.cc:577) DoDecisionTreeSplit: split 8 times, #leaves now 30
LOG (build-tree[5.1.87~1-6eebc]:BuildTree():build-tree.cc:185) Setting clustering threshold to smallest split 540.422
VLOG[1] (build-tree[5.1.87~1-6eebc]:BuildTree():build-tree.cc:194) After decision tree split, num-leaves = 30, like-impr = 5.36665 per frame over 4329 frames.
VLOG[1] (build-tree[5.1.87~1-6eebc]:BuildTree():build-tree.cc:198) Including just phones that were split, improvement is 5.36665 per frame over 4329 frames.
LOG (build-tree[5.1.87~1-6eebc]:BuildTree():build-tree.cc:213) BuildTree: removed 1 leaves.
VLOG[1] (build-tree[5.1.87~1-6eebc]:BuildTree():build-tree.cc:220) Objf change due to clustering -0.109949 per frame.
VLOG[1] (build-tree[5.1.87~1-6eebc]:BuildTree():build-tree.cc:223) Normalizing over only split phones, this is: -0.109949 per frame.
VLOG[1] (build-tree[5.1.87~1-6eebc]:BuildTree():build-tree.cc:226) Num-leaves is now 29
VLOG[1] (build-tree[5.1.87~1-6eebc]:main():build-tree.cc:138) For pdf-id 2, low count 0
VLOG[1] (build-tree[5.1.87~1-6eebc]:main():build-tree.cc:138) For pdf-id 3, low count 0
VLOG[1] (build-tree[5.1.87~1-6eebc]:main():build-tree.cc:138) For pdf-id 4, low count 0
VLOG[1] (build-tree[5.1.87~1-6eebc]:main():build-tree.cc:138) For pdf-id 5, low count 0
VLOG[1] (build-tree[5.1.87~1-6eebc]:main():build-tree.cc:138) For pdf-id 6, low count 0
VLOG[1] (build-tree[5.1.87~1-6eebc]:main():build-tree.cc:138) For pdf-id 7, low count 0
VLOG[1] (build-tree[5.1.87~1-6eebc]:main():build-tree.cc:138) For pdf-id 8, low count 0
VLOG[1] (build-tree[5.1.87~1-6eebc]:main():build-tree.cc:138) For pdf-id 9, low count 0
VLOG[1] (build-tree[5.1.87~1-6eebc]:main():build-tree.cc:138) For pdf-id 10, low count 0
VLOG[1] (build-tree[5.1.87~1-6eebc]:main():build-tree.cc:138) For pdf-id 11, low count 0
VLOG[1] (build-tree[5.1.87~1-6eebc]:main():build-tree.cc:138) For pdf-id 12, low count 0
VLOG[1] (build-tree[5.1.87~1-6eebc]:main():build-tree.cc:138) For pdf-id 13, low count 0
VLOG[1] (build-tree[5.1.87~1-6eebc]:main():build-tree.cc:138) For pdf-id 14, low count 0
VLOG[1] (build-tree[5.1.87~1-6eebc]:main():build-tree.cc:138) For pdf-id 15, low count 0
VLOG[1] (build-tree[5.1.87~1-6eebc]:main():build-tree.cc:138) For pdf-id 16, low count 0
VLOG[1] (build-tree[5.1.87~1-6eebc]:main():build-tree.cc:138) For pdf-id 17, low count 0
VLOG[1] (build-tree[5.1.87~1-6eebc]:main():build-tree.cc:138) For pdf-id 18, low count 0
VLOG[1] (build-tree[5.1.87~1-6eebc]:main():build-tree.cc:138) For pdf-id 19, low count 0
VLOG[1] (build-tree[5.1.87~1-6eebc]:main():build-tree.cc:138) For pdf-id 20, low count 0
VLOG[1] (build-tree[5.1.87~1-6eebc]:main():build-tree.cc:138) For pdf-id 21, low count 0
WARNING (build-tree[5.1.87~1-6eebc]:main():build-tree.cc:180) Saw no stats for following phones: 2 3 4 5 6 7 8 9 11 12 13 14 15 16 17 18 19 20 21 22 23 24 25 26 27 28 29 30 31 32 33 34 35 36 37 38 39 40 41 42 43 44 45 46 47 48 49 50 51 52 53 54 55 56 57 58 59 60 61 62 63 64 65 66 67 68 69 70 71 72 73 74 75 76 77 78 79 80 81 82 83 84 85 86 87 88 89 90 
LOG (build-tree[5.1.87~1-6eebc]:main():build-tree.cc:184) Wrote tree
# Accounting: time=0 threads=1
# Ended (code 0) at Mon May 15 17:17:36 IST 2017, elapsed time 0 seconds
