# gmm-latgen-faster --max-active=7000 --beam=13.0 --lattice-beam=6.0 --acoustic-scale=0.083333 --allow-partial=true --word-symbol-table=exp/mono/graph/words.txt exp/mono/final.mdl exp/mono/graph/HCLG.fst "ark,s,cs:apply-cmvn  --utt2spk=ark:data/test/split1/1/utt2spk scp:data/test/split1/1/cmvn.scp scp:data/test/split1/1/feats.scp ark:- | add-deltas  ark:- ark:- |" "ark:|gzip -c > exp/mono/decode/lat.1.gz" 
# Started at Tue May 16 14:40:42 IST 2017
#
gmm-latgen-faster --max-active=7000 --beam=13.0 --lattice-beam=6.0 --acoustic-scale=0.083333 --allow-partial=true --word-symbol-table=exp/mono/graph/words.txt exp/mono/final.mdl exp/mono/graph/HCLG.fst 'ark,s,cs:apply-cmvn  --utt2spk=ark:data/test/split1/1/utt2spk scp:data/test/split1/1/cmvn.scp scp:data/test/split1/1/feats.scp ark:- | add-deltas  ark:- ark:- |' 'ark:|gzip -c > exp/mono/decode/lat.1.gz' 
add-deltas ark:- ark:- 
apply-cmvn --utt2spk=ark:data/test/split1/1/utt2spk scp:data/test/split1/1/cmvn.scp scp:data/test/split1/1/feats.scp ark:- 
Speaker1_1_1_1_0_0_0_0_1 can can can no no no no can 
LOG (gmm-latgen-faster[5.1.87~1-6eebc]:DecodeUtteranceLatticeFaster():decoder-wrappers.cc:286) Log-like per frame for utterance Speaker1_1_1_1_0_0_0_0_1 is -6.96947 over 602 frames.
Speaker1_1_1_1_0_0_1_0_1 can can can no no can no can 
LOG (gmm-latgen-faster[5.1.87~1-6eebc]:DecodeUtteranceLatticeFaster():decoder-wrappers.cc:286) Log-like per frame for utterance Speaker1_1_1_1_0_0_1_0_1 is -6.9836 over 633 frames.
Speaker1_1_1_1_0_0_1_1_1 can can can no no can can can 
LOG (gmm-latgen-faster[5.1.87~1-6eebc]:DecodeUtteranceLatticeFaster():decoder-wrappers.cc:286) Log-like per frame for utterance Speaker1_1_1_1_0_0_1_1_1 is -7.29395 over 569 frames.
Speaker1_1_1_1_0_1_0_1_0 can can can no can no can no 
LOG (gmm-latgen-faster[5.1.87~1-6eebc]:DecodeUtteranceLatticeFaster():decoder-wrappers.cc:286) Log-like per frame for utterance Speaker1_1_1_1_0_1_0_1_0 is -7.11652 over 605 frames.
Speaker1_1_1_1_0_1_0_1_1 can can can no can no can can 
LOG (gmm-latgen-faster[5.1.87~1-6eebc]:DecodeUtteranceLatticeFaster():decoder-wrappers.cc:286) Log-like per frame for utterance Speaker1_1_1_1_0_1_0_1_1 is -7.0357 over 620 frames.
Speaker1_1_1_1_1_0_0_1_0 can can can can no no can no 
LOG (gmm-latgen-faster[5.1.87~1-6eebc]:DecodeUtteranceLatticeFaster():decoder-wrappers.cc:286) Log-like per frame for utterance Speaker1_1_1_1_1_0_0_1_0 is -7.03829 over 670 frames.
LOG (apply-cmvn[5.1.87~1-6eebc]:main():apply-cmvn.cc:146) Applied cepstral mean normalization to 10 utterances, errors on 0
Speaker1_1_1_1_1_0_1_0_0 can can can can can no can no no 
LOG (gmm-latgen-faster[5.1.87~1-6eebc]:DecodeUtteranceLatticeFaster():decoder-wrappers.cc:286) Log-like per frame for utterance Speaker1_1_1_1_1_0_1_0_0 is -7.48504 over 538 frames.
Speaker1_1_1_1_1_1_0_0_0 can can can can can no no no 
LOG (gmm-latgen-faster[5.1.87~1-6eebc]:DecodeUtteranceLatticeFaster():decoder-wrappers.cc:286) Log-like per frame for utterance Speaker1_1_1_1_1_1_0_0_0 is -7.28444 over 612 frames.
Speaker1_1_1_1_1_1_1_0_0 can can can can can can no no 
LOG (gmm-latgen-faster[5.1.87~1-6eebc]:DecodeUtteranceLatticeFaster():decoder-wrappers.cc:286) Log-like per frame for utterance Speaker1_1_1_1_1_1_1_0_0 is -7.24416 over 656 frames.
Speaker1_1_1_1_1_1_1_1_1 can can can can can can can can 
LOG (gmm-latgen-faster[5.1.87~1-6eebc]:DecodeUtteranceLatticeFaster():decoder-wrappers.cc:286) Log-like per frame for utterance Speaker1_1_1_1_1_1_1_1_1 is -6.86719 over 644 frames.
LOG (gmm-latgen-faster[5.1.87~1-6eebc]:main():gmm-latgen-faster.cc:176) Time taken 1.15441s: real-time factor assuming 100 frames/sec is 0.018774
LOG (gmm-latgen-faster[5.1.87~1-6eebc]:main():gmm-latgen-faster.cc:179) Done 10 utterances, failed for 0
LOG (gmm-latgen-faster[5.1.87~1-6eebc]:main():gmm-latgen-faster.cc:181) Overall log-likelihood per frame is -7.12465 over 6149 frames.
# Accounting: time=2 threads=1
# Ended (code 0) at Tue May 16 14:40:44 IST 2017, elapsed time 2 seconds
