# gmm-latgen-faster --max-active=7000 --beam=13.0 --lattice-beam=6.0 --acoustic-scale=0.083333 --allow-partial=true --word-symbol-table=exp/tri1/graph/words.txt exp/tri1/final.mdl exp/tri1/graph/HCLG.fst "ark,s,cs:apply-cmvn  --utt2spk=ark:data/test/split1/1/utt2spk scp:data/test/split1/1/cmvn.scp scp:data/test/split1/1/feats.scp ark:- | add-deltas  ark:- ark:- |" "ark:|gzip -c > exp/tri1/decode/lat.1.gz" 
# Started at Mon May 15 17:17:41 IST 2017
#
gmm-latgen-faster --max-active=7000 --beam=13.0 --lattice-beam=6.0 --acoustic-scale=0.083333 --allow-partial=true --word-symbol-table=exp/tri1/graph/words.txt exp/tri1/final.mdl exp/tri1/graph/HCLG.fst 'ark,s,cs:apply-cmvn  --utt2spk=ark:data/test/split1/1/utt2spk scp:data/test/split1/1/cmvn.scp scp:data/test/split1/1/feats.scp ark:- | add-deltas  ark:- ark:- |' 'ark:|gzip -c > exp/tri1/decode/lat.1.gz' 
add-deltas ark:- ark:- 
apply-cmvn --utt2spk=ark:data/test/split1/1/utt2spk scp:data/test/split1/1/cmvn.scp scp:data/test/split1/1/feats.scp ark:- 
LOG (apply-cmvn[5.1.87~1-6eebc]:main():apply-cmvn.cc:146) Applied cepstral mean normalization to 10 utterances, errors on 0
Speaker1_0 
LOG (gmm-latgen-faster[5.1.87~1-6eebc]:DecodeUtteranceLatticeFaster():decoder-wrappers.cc:286) Log-like per frame for utterance Speaker1_0 is -9.67934 over 51 frames.
Speaker1_1 
LOG (gmm-latgen-faster[5.1.87~1-6eebc]:DecodeUtteranceLatticeFaster():decoder-wrappers.cc:286) Log-like per frame for utterance Speaker1_1 is -9.03317 over 51 frames.
Speaker1_2 
LOG (gmm-latgen-faster[5.1.87~1-6eebc]:DecodeUtteranceLatticeFaster():decoder-wrappers.cc:286) Log-like per frame for utterance Speaker1_2 is -9.77966 over 53 frames.
Speaker1_3 
LOG (gmm-latgen-faster[5.1.87~1-6eebc]:DecodeUtteranceLatticeFaster():decoder-wrappers.cc:286) Log-like per frame for utterance Speaker1_3 is -9.43435 over 45 frames.
Speaker1_4 
LOG (gmm-latgen-faster[5.1.87~1-6eebc]:DecodeUtteranceLatticeFaster():decoder-wrappers.cc:286) Log-like per frame for utterance Speaker1_4 is -9.4112 over 40 frames.
Speaker1_5 
LOG (gmm-latgen-faster[5.1.87~1-6eebc]:DecodeUtteranceLatticeFaster():decoder-wrappers.cc:286) Log-like per frame for utterance Speaker1_5 is -9.1063 over 39 frames.
Speaker1_6 
LOG (gmm-latgen-faster[5.1.87~1-6eebc]:DecodeUtteranceLatticeFaster():decoder-wrappers.cc:286) Log-like per frame for utterance Speaker1_6 is -9.20523 over 62 frames.
Speaker1_7 
LOG (gmm-latgen-faster[5.1.87~1-6eebc]:DecodeUtteranceLatticeFaster():decoder-wrappers.cc:286) Log-like per frame for utterance Speaker1_7 is -9.62079 over 45 frames.
Speaker1_8 
LOG (gmm-latgen-faster[5.1.87~1-6eebc]:DecodeUtteranceLatticeFaster():decoder-wrappers.cc:286) Log-like per frame for utterance Speaker1_8 is -8.41855 over 38 frames.
Speaker1_9 
LOG (gmm-latgen-faster[5.1.87~1-6eebc]:DecodeUtteranceLatticeFaster():decoder-wrappers.cc:286) Log-like per frame for utterance Speaker1_9 is -9.01268 over 55 frames.
LOG (gmm-latgen-faster[5.1.87~1-6eebc]:main():gmm-latgen-faster.cc:176) Time taken 0.0783141s: real-time factor assuming 100 frames/sec is 0.0163495
LOG (gmm-latgen-faster[5.1.87~1-6eebc]:main():gmm-latgen-faster.cc:179) Done 10 utterances, failed for 0
LOG (gmm-latgen-faster[5.1.87~1-6eebc]:main():gmm-latgen-faster.cc:181) Overall log-likelihood per frame is -9.28614 over 479 frames.
# Accounting: time=0 threads=1
# Ended (code 0) at Mon May 15 17:17:41 IST 2017, elapsed time 0 seconds
