# lattice-depth-per-frame "ark:gunzip -c exp/tri1/decode/lat.1.gz|" "ark,t:|gzip -c > exp/tri1/decode/depth_tmp.1.gz" ark:- | lattice-best-path --acoustic-scale=0.1 ark:- ark:/dev/null "ark,t:|gzip -c >exp/tri1/decode/ali_tmp.1.gz" 
# Started at Mon May 15 17:17:41 IST 2017
#
lattice-depth-per-frame 'ark:gunzip -c exp/tri1/decode/lat.1.gz|' 'ark,t:|gzip -c > exp/tri1/decode/depth_tmp.1.gz' ark:- 
lattice-best-path --acoustic-scale=0.1 ark:- ark:/dev/null 'ark,t:|gzip -c >exp/tri1/decode/ali_tmp.1.gz' 
LOG (lattice-best-path[5.1.87~1-6eebc]:main():lattice-best-path.cc:99) For utterance Speaker1_0, best cost 5.03498 + 586.336 = 591.371 over 51 frames.
LOG (lattice-depth-per-frame[5.1.87~1-6eebc]:main():lattice-depth-per-frame.cc:82) Done 10 lattices.
LOG (lattice-best-path[5.1.87~1-6eebc]:main():lattice-best-path.cc:99) For utterance Speaker1_1, best cost 5.08661 + 546.729 = 551.815 over 51 frames.
LOG (lattice-best-path[5.1.87~1-6eebc]:main():lattice-best-path.cc:99) For utterance Speaker1_2, best cost 5.37336 + 615.541 = 620.914 over 53 frames.
LOG (lattice-best-path[5.1.87~1-6eebc]:main():lattice-best-path.cc:99) For utterance Speaker1_3, best cost 4.58784 + 503.952 = 508.539 over 45 frames.
LOG (lattice-best-path[5.1.87~1-6eebc]:main():lattice-best-path.cc:99) For utterance Speaker1_4, best cost 6.55656 + 443.871 = 450.428 over 40 frames.
LOG (lattice-best-path[5.1.87~1-6eebc]:main():lattice-best-path.cc:99) For utterance Speaker1_5, best cost 4.88718 + 420.312 = 425.199 over 39 frames.
LOG (lattice-best-path[5.1.87~1-6eebc]:main():lattice-best-path.cc:99) For utterance Speaker1_6, best cost 6.48226 + 677.093 = 683.575 over 62 frames.
LOG (lattice-best-path[5.1.87~1-6eebc]:main():lattice-best-path.cc:99) For utterance Speaker1_7, best cost 4.6085 + 513.995 = 518.603 over 45 frames.
LOG (lattice-best-path[5.1.87~1-6eebc]:main():lattice-best-path.cc:99) For utterance Speaker1_8, best cost 4.05154 + 379.026 = 383.077 over 38 frames.
LOG (lattice-best-path[5.1.87~1-6eebc]:main():lattice-best-path.cc:99) For utterance Speaker1_9, best cost 4.75574 + 589.132 = 593.888 over 55 frames.
LOG (lattice-best-path[5.1.87~1-6eebc]:main():lattice-best-path.cc:124) Overall cost per frame is 11.1219 = 0.107358 [graph] + 11.0146 [acoustic] over 479 frames.
LOG (lattice-best-path[5.1.87~1-6eebc]:main():lattice-best-path.cc:128) Done 10 lattices, failed for 0
# Accounting: time=0 threads=1
# Ended (code 0) at Mon May 15 17:17:41 IST 2017, elapsed time 0 seconds
