01BE8E7B-C179-42E3-8521-109C2C732334_spk-0001_seg-0000000:0001345
01BE8E7B-C179-42E3-8521-109C2C732334_spk-0001_seg-0002565:0003154
01BE8E7B-C179-42E3-8521-109C2C732334_spk-0001_seg-0148981:0150616
0D58D15F-A9C0-4E65-9270-A36A9E016B18_spk-0001_seg-0000000:0001444
0D58D15F-A9C0-4E65-9270-A36A9E016B18_spk-0001_seg-0002499:0003154
142202F8-E09B-4F58-B6BB-EF7FF576BBCD_spk-0001_seg-0000000:0001757
142202F8-E09B-4F58-B6BB-EF7FF576BBCD_spk-0001_seg-0012565:0013206
142202F8-E09B-4F58-B6BB-EF7FF576BBCD_spk-0001_seg-0015313:0015808
142202F8-E09B-4F58-B6BB-EF7FF576BBCD_spk-0001_seg-0096822:0097548
142202F8-E09B-4F58-B6BB-EF7FF576BBCD_spk-0001_seg-0112299:0112861
142202F8-E09B-4F58-B6BB-EF7FF576BBCD_spk-0001_seg-0123692:0124091
142202F8-E09B-4F58-B6BB-EF7FF576BBCD_spk-0001_seg-0145837:0147869
240E6EF6-4F2C-41FF-A1B8-2BD434D41C2D_spk-0001_seg-0000000:0002242
240E6EF6-4F2C-41FF-A1B8-2BD434D41C2D_spk-0001_seg-0022605:0023266
240E6EF6-4F2C-41FF-A1B8-2BD434D41C2D_spk-0001_seg-0296129:0296938
47F3AAE8-0668-4DA8-A7D2-44800F2FD809_spk-0001_seg-0000000:0001369
47F3AAE8-0668-4DA8-A7D2-44800F2FD809_spk-0001_seg-0145184:0146404
4C7C238B-0F7D-401E-8A09-3D5860053C29_spk-0001_seg-0000000:0001757
4C7C238B-0F7D-401E-8A09-3D5860053C29_spk-0001_seg-0075429:0075846
4C7C238B-0F7D-401E-8A09-3D5860053C29_spk-0001_seg-0076596:0077778
4C7C238B-0F7D-401E-8A09-3D5860053C29_spk-0001_seg-0129541:0130671
4C7C238B-0F7D-401E-8A09-3D5860053C29_spk-0001_seg-0146935:0148679
5331FFF2-358E-445E-BA71-74B745387304_spk-0001_seg-0000000:0001750
5331FFF2-358E-445E-BA71-74B745387304_spk-0001_seg-0006600:0007175
5331FFF2-358E-445E-BA71-74B745387304_spk-0001_seg-0099968:0100860
5331FFF2-358E-445E-BA71-74B745387304_spk-0001_seg-0156010:0157753
679B3BCA-EE2E-4A00-9501-E4F662700CE7_spk-0001_seg-0000000:0001390
679B3BCA-EE2E-4A00-9501-E4F662700CE7_spk-0001_seg-0043076:0043400
679B3BCA-EE2E-4A00-9501-E4F662700CE7_spk-0001_seg-0054129:0054699
679B3BCA-EE2E-4A00-9501-E4F662700CE7_spk-0001_seg-0147275:0147647
679B3BCA-EE2E-4A00-9501-E4F662700CE7_spk-0001_seg-0226048:0226353
679B3BCA-EE2E-4A00-9501-E4F662700CE7_spk-0001_seg-0240746:0241384
679B3BCA-EE2E-4A00-9501-E4F662700CE7_spk-0001_seg-0243898:0244523
70DB9158-FC3B-4335-B379-B9BE9911BC8E_spk-0001_seg-0000000:0002415
70DB9158-FC3B-4335-B379-B9BE9911BC8E_spk-0001_seg-0018357:0019212
70DB9158-FC3B-4335-B379-B9BE9911BC8E_spk-0001_seg-0294894:0295759
78C19D30-C01C-47A6-BD5E-52A7138654FA_spk-0001_seg-0000000:0002201
78C19D30-C01C-47A6-BD5E-52A7138654FA_spk-0001_seg-0015913:0016372
78C19D30-C01C-47A6-BD5E-52A7138654FA_spk-0001_seg-0285599:0287056
94D37D38-B203-4FC0-9F3A-538F5C174920_spk-0001_seg-0000000:0002564
94D37D38-B203-4FC0-9F3A-538F5C174920_spk-0001_seg-0017705:0018635
94D37D38-B203-4FC0-9F3A-538F5C174920_spk-0001_seg-0284400:0285744
A7FD87DD-5824-4AD6-96B1-8B61AFA1577D_spk-0001_seg-0000000:0001873
A7FD87DD-5824-4AD6-96B1-8B61AFA1577D_spk-0001_seg-0017099:0017579
A7FD87DD-5824-4AD6-96B1-8B61AFA1577D_spk-0001_seg-0282854:0284277
B05F2153-99B1-4F8D-80EE-332CD2CE38AD_spk-0001_seg-0000000:0001477
B8DBA457-2FE6-4A30-B67C-2543E6FAFDAC_spk-0001_seg-0000000:0001471
B8DBA457-2FE6-4A30-B67C-2543E6FAFDAC_spk-0001_seg-0150492:0152134
C0F217F9-EEEA-4615-9C09-38834DC0A4AC_spk-0001_seg-0000000:0001979
C0F217F9-EEEA-4615-9C09-38834DC0A4AC_spk-0001_seg-0012592:0013326
C0F217F9-EEEA-4615-9C09-38834DC0A4AC_spk-0001_seg-0290642:0291832
DF03DEE2-EDBD-4134-8F86-3A6F0824C758_spk-0001_seg-0000000:0002720
DF03DEE2-EDBD-4134-8F86-3A6F0824C758_spk-0001_seg-0018339:0025143
DF03DEE2-EDBD-4134-8F86-3A6F0824C758_spk-0001_seg-0298890:0299864
E9F61E00-7A59-45A6-B3EC-7408D7015170_spk-0001_seg-0000000:0001700
E9F61E00-7A59-45A6-B3EC-7408D7015170_spk-0001_seg-0005822:0006326
E9F61E00-7A59-45A6-B3EC-7408D7015170_spk-0001_seg-0092525:0093010
E9F61E00-7A59-45A6-B3EC-7408D7015170_spk-0001_seg-0153647:0155385
