01BE8E7B-C179-42E3-8521-109C2C732334_spk-0001_seg-0042748:0043164
01BE8E7B-C179-42E3-8521-109C2C732334_spk-0001_seg-0061447:0061888
01BE8E7B-C179-42E3-8521-109C2C732334_spk-0001_seg-0061888:0062353
01BE8E7B-C179-42E3-8521-109C2C732334_spk-0001_seg-0077435:0077884
01BE8E7B-C179-42E3-8521-109C2C732334_spk-0001_seg-0096353:0096773
01BE8E7B-C179-42E3-8521-109C2C732334_spk-0001_seg-0096773:0097142
01BE8E7B-C179-42E3-8521-109C2C732334_spk-0001_seg-0110256:0110809
01BE8E7B-C179-42E3-8521-109C2C732334_spk-0001_seg-0110809:0111290
01BE8E7B-C179-42E3-8521-109C2C732334_spk-0001_seg-0119183:0119648
01BE8E7B-C179-42E3-8521-109C2C732334_spk-0001_seg-0119648:0120046
01BE8E7B-C179-42E3-8521-109C2C732334_spk-0001_seg-0125290:0125708
01BE8E7B-C179-42E3-8521-109C2C732334_spk-0001_seg-0126099:0126583
01BE8E7B-C179-42E3-8521-109C2C732334_spk-0001_seg-0126922:0127257
01BE8E7B-C179-42E3-8521-109C2C732334_spk-0001_seg-0127257:0127889
01BE8E7B-C179-42E3-8521-109C2C732334_spk-0001_seg-0135900:0136572
01BE8E7B-C179-42E3-8521-109C2C732334_spk-0001_seg-0141487:0142104
01BE8E7B-C179-42E3-8521-109C2C732334_spk-0001_seg-0146122:0146500
01BE8E7B-C179-42E3-8521-109C2C732334_spk-0001_seg-0146500:0147150
01BE8E7B-C179-42E3-8521-109C2C732334_spk-0001_seg-0147150:0147702
0D58D15F-A9C0-4E65-9270-A36A9E016B18_spk-0001_seg-0048616:0049308
0D58D15F-A9C0-4E65-9270-A36A9E016B18_spk-0001_seg-0059489:0060137
0D58D15F-A9C0-4E65-9270-A36A9E016B18_spk-0001_seg-0064591:0065317
0D58D15F-A9C0-4E65-9270-A36A9E016B18_spk-0001_seg-0075456:0076080
0D58D15F-A9C0-4E65-9270-A36A9E016B18_spk-0001_seg-0085586:0086049
0D58D15F-A9C0-4E65-9270-A36A9E016B18_spk-0001_seg-0086049:0086931
0D58D15F-A9C0-4E65-9270-A36A9E016B18_spk-0001_seg-0086931:0087472
0D58D15F-A9C0-4E65-9270-A36A9E016B18_spk-0001_seg-0095880:0096406
0D58D15F-A9C0-4E65-9270-A36A9E016B18_spk-0001_seg-0096406:0096922
0D58D15F-A9C0-4E65-9270-A36A9E016B18_spk-0001_seg-0105708:0106426
0D58D15F-A9C0-4E65-9270-A36A9E016B18_spk-0001_seg-0106426:0107369
0D58D15F-A9C0-4E65-9270-A36A9E016B18_spk-0001_seg-0114368:0114953
0D58D15F-A9C0-4E65-9270-A36A9E016B18_spk-0001_seg-0115495:0116143
0D58D15F-A9C0-4E65-9270-A36A9E016B18_spk-0001_seg-0116143:0116659
0D58D15F-A9C0-4E65-9270-A36A9E016B18_spk-0001_seg-0122758:0123334
0D58D15F-A9C0-4E65-9270-A36A9E016B18_spk-0001_seg-0136982:0137449
0D58D15F-A9C0-4E65-9270-A36A9E016B18_spk-0001_seg-0137449:0138093
0D58D15F-A9C0-4E65-9270-A36A9E016B18_spk-0001_seg-0138093:0138637
0D58D15F-A9C0-4E65-9270-A36A9E016B18_spk-0001_seg-0140983:0141229
0D58D15F-A9C0-4E65-9270-A36A9E016B18_spk-0001_seg-0141229:0141552
0D58D15F-A9C0-4E65-9270-A36A9E016B18_spk-0001_seg-0141552:0141978
0D58D15F-A9C0-4E65-9270-A36A9E016B18_spk-0001_seg-0145864:0146420
0D58D15F-A9C0-4E65-9270-A36A9E016B18_spk-0001_seg-0146420:0146961
0D58D15F-A9C0-4E65-9270-A36A9E016B18_spk-0001_seg-0146961:0147341
240E6EF6-4F2C-41FF-A1B8-2BD434D41C2D_spk-0001_seg-0027948:0028529
240E6EF6-4F2C-41FF-A1B8-2BD434D41C2D_spk-0001_seg-0033899:0034637
240E6EF6-4F2C-41FF-A1B8-2BD434D41C2D_spk-0001_seg-0059758:0060341
240E6EF6-4F2C-41FF-A1B8-2BD434D41C2D_spk-0001_seg-0064058:0064930
240E6EF6-4F2C-41FF-A1B8-2BD434D41C2D_spk-0001_seg-0068013:0068835
240E6EF6-4F2C-41FF-A1B8-2BD434D41C2D_spk-0001_seg-0072575:0073284
240E6EF6-4F2C-41FF-A1B8-2BD434D41C2D_spk-0001_seg-0073284:0074168
240E6EF6-4F2C-41FF-A1B8-2BD434D41C2D_spk-0001_seg-0077828:0078279
240E6EF6-4F2C-41FF-A1B8-2BD434D41C2D_spk-0001_seg-0080663:0081525
240E6EF6-4F2C-41FF-A1B8-2BD434D41C2D_spk-0001_seg-0082332:0083238
240E6EF6-4F2C-41FF-A1B8-2BD434D41C2D_spk-0001_seg-0085328:0086187
240E6EF6-4F2C-41FF-A1B8-2BD434D41C2D_spk-0001_seg-0088616:0089475
240E6EF6-4F2C-41FF-A1B8-2BD434D41C2D_spk-0001_seg-0097268:0097974
240E6EF6-4F2C-41FF-A1B8-2BD434D41C2D_spk-0001_seg-0098531:0099381
240E6EF6-4F2C-41FF-A1B8-2BD434D41C2D_spk-0001_seg-0100220:0100975
240E6EF6-4F2C-41FF-A1B8-2BD434D41C2D_spk-0001_seg-0100975:0101970
240E6EF6-4F2C-41FF-A1B8-2BD434D41C2D_spk-0001_seg-0101970:0102642
240E6EF6-4F2C-41FF-A1B8-2BD434D41C2D_spk-0001_seg-0103194:0103720
240E6EF6-4F2C-41FF-A1B8-2BD434D41C2D_spk-0001_seg-0103720:0104222
240E6EF6-4F2C-41FF-A1B8-2BD434D41C2D_spk-0001_seg-0104222:0104790
240E6EF6-4F2C-41FF-A1B8-2BD434D41C2D_spk-0001_seg-0104790:0105479
240E6EF6-4F2C-41FF-A1B8-2BD434D41C2D_spk-0001_seg-0105479:0105927
240E6EF6-4F2C-41FF-A1B8-2BD434D41C2D_spk-0001_seg-0105927:0106640
240E6EF6-4F2C-41FF-A1B8-2BD434D41C2D_spk-0001_seg-0108002:0108918
240E6EF6-4F2C-41FF-A1B8-2BD434D41C2D_spk-0001_seg-0108918:0109407
240E6EF6-4F2C-41FF-A1B8-2BD434D41C2D_spk-0001_seg-0109407:0110263
240E6EF6-4F2C-41FF-A1B8-2BD434D41C2D_spk-0001_seg-0110263:0110883
240E6EF6-4F2C-41FF-A1B8-2BD434D41C2D_spk-0001_seg-0110883:0111699
240E6EF6-4F2C-41FF-A1B8-2BD434D41C2D_spk-0001_seg-0111957:0112502
240E6EF6-4F2C-41FF-A1B8-2BD434D41C2D_spk-0001_seg-0112502:0113044
240E6EF6-4F2C-41FF-A1B8-2BD434D41C2D_spk-0001_seg-0113044:0113593
240E6EF6-4F2C-41FF-A1B8-2BD434D41C2D_spk-0001_seg-0115194:0115606
240E6EF6-4F2C-41FF-A1B8-2BD434D41C2D_spk-0001_seg-0115606:0116139
240E6EF6-4F2C-41FF-A1B8-2BD434D41C2D_spk-0001_seg-0116139:0116624
240E6EF6-4F2C-41FF-A1B8-2BD434D41C2D_spk-0001_seg-0116624:0117168
240E6EF6-4F2C-41FF-A1B8-2BD434D41C2D_spk-0001_seg-0121126:0121963
240E6EF6-4F2C-41FF-A1B8-2BD434D41C2D_spk-0001_seg-0129438:0130305
240E6EF6-4F2C-41FF-A1B8-2BD434D41C2D_spk-0001_seg-0130305:0131141
240E6EF6-4F2C-41FF-A1B8-2BD434D41C2D_spk-0001_seg-0133090:0133661
240E6EF6-4F2C-41FF-A1B8-2BD434D41C2D_spk-0001_seg-0133661:0134450
240E6EF6-4F2C-41FF-A1B8-2BD434D41C2D_spk-0001_seg-0134450:0134941
240E6EF6-4F2C-41FF-A1B8-2BD434D41C2D_spk-0001_seg-0143622:0144487
240E6EF6-4F2C-41FF-A1B8-2BD434D41C2D_spk-0001_seg-0145686:0146159
240E6EF6-4F2C-41FF-A1B8-2BD434D41C2D_spk-0001_seg-0146571:0147396
240E6EF6-4F2C-41FF-A1B8-2BD434D41C2D_spk-0001_seg-0148207:0148845
240E6EF6-4F2C-41FF-A1B8-2BD434D41C2D_spk-0001_seg-0148845:0149426
240E6EF6-4F2C-41FF-A1B8-2BD434D41C2D_spk-0001_seg-0149815:0150412
240E6EF6-4F2C-41FF-A1B8-2BD434D41C2D_spk-0001_seg-0151616:0152415
240E6EF6-4F2C-41FF-A1B8-2BD434D41C2D_spk-0001_seg-0174598:0175277
240E6EF6-4F2C-41FF-A1B8-2BD434D41C2D_spk-0001_seg-0184504:0185121
240E6EF6-4F2C-41FF-A1B8-2BD434D41C2D_spk-0001_seg-0187439:0188021
240E6EF6-4F2C-41FF-A1B8-2BD434D41C2D_spk-0001_seg-0188021:0188524
240E6EF6-4F2C-41FF-A1B8-2BD434D41C2D_spk-0001_seg-0188951:0189689
240E6EF6-4F2C-41FF-A1B8-2BD434D41C2D_spk-0001_seg-0189689:0190638
240E6EF6-4F2C-41FF-A1B8-2BD434D41C2D_spk-0001_seg-0191901:0192575
240E6EF6-4F2C-41FF-A1B8-2BD434D41C2D_spk-0001_seg-0192575:0193388
240E6EF6-4F2C-41FF-A1B8-2BD434D41C2D_spk-0001_seg-0195542:0196218
240E6EF6-4F2C-41FF-A1B8-2BD434D41C2D_spk-0001_seg-0202015:0202607
240E6EF6-4F2C-41FF-A1B8-2BD434D41C2D_spk-0001_seg-0202607:0203196
240E6EF6-4F2C-41FF-A1B8-2BD434D41C2D_spk-0001_seg-0203196:0204091
240E6EF6-4F2C-41FF-A1B8-2BD434D41C2D_spk-0001_seg-0204091:0204898
240E6EF6-4F2C-41FF-A1B8-2BD434D41C2D_spk-0001_seg-0209084:0209817
240E6EF6-4F2C-41FF-A1B8-2BD434D41C2D_spk-0001_seg-0210267:0211075
240E6EF6-4F2C-41FF-A1B8-2BD434D41C2D_spk-0001_seg-0211734:0212596
240E6EF6-4F2C-41FF-A1B8-2BD434D41C2D_spk-0001_seg-0214817:0215473
240E6EF6-4F2C-41FF-A1B8-2BD434D41C2D_spk-0001_seg-0215473:0216087
240E6EF6-4F2C-41FF-A1B8-2BD434D41C2D_spk-0001_seg-0216734:0217542
240E6EF6-4F2C-41FF-A1B8-2BD434D41C2D_spk-0001_seg-0218432:0219302
240E6EF6-4F2C-41FF-A1B8-2BD434D41C2D_spk-0001_seg-0221567:0221989
240E6EF6-4F2C-41FF-A1B8-2BD434D41C2D_spk-0001_seg-0222592:0223571
240E6EF6-4F2C-41FF-A1B8-2BD434D41C2D_spk-0001_seg-0223571:0224334
240E6EF6-4F2C-41FF-A1B8-2BD434D41C2D_spk-0001_seg-0224334:0225069
240E6EF6-4F2C-41FF-A1B8-2BD434D41C2D_spk-0001_seg-0225605:0226326
240E6EF6-4F2C-41FF-A1B8-2BD434D41C2D_spk-0001_seg-0226326:0226963
240E6EF6-4F2C-41FF-A1B8-2BD434D41C2D_spk-0001_seg-0228163:0228992
240E6EF6-4F2C-41FF-A1B8-2BD434D41C2D_spk-0001_seg-0228992:0229665
240E6EF6-4F2C-41FF-A1B8-2BD434D41C2D_spk-0001_seg-0229665:0230046
240E6EF6-4F2C-41FF-A1B8-2BD434D41C2D_spk-0001_seg-0230046:0230894
240E6EF6-4F2C-41FF-A1B8-2BD434D41C2D_spk-0001_seg-0230894:0231667
240E6EF6-4F2C-41FF-A1B8-2BD434D41C2D_spk-0001_seg-0231667:0232585
240E6EF6-4F2C-41FF-A1B8-2BD434D41C2D_spk-0001_seg-0233173:0233769
240E6EF6-4F2C-41FF-A1B8-2BD434D41C2D_spk-0001_seg-0235615:0236284
240E6EF6-4F2C-41FF-A1B8-2BD434D41C2D_spk-0001_seg-0238332:0239096
240E6EF6-4F2C-41FF-A1B8-2BD434D41C2D_spk-0001_seg-0239096:0239869
240E6EF6-4F2C-41FF-A1B8-2BD434D41C2D_spk-0001_seg-0239869:0240617
240E6EF6-4F2C-41FF-A1B8-2BD434D41C2D_spk-0001_seg-0240617:0241658
240E6EF6-4F2C-41FF-A1B8-2BD434D41C2D_spk-0001_seg-0241658:0242575
240E6EF6-4F2C-41FF-A1B8-2BD434D41C2D_spk-0001_seg-0243021:0243758
240E6EF6-4F2C-41FF-A1B8-2BD434D41C2D_spk-0001_seg-0243758:0244421
240E6EF6-4F2C-41FF-A1B8-2BD434D41C2D_spk-0001_seg-0244421:0245088
240E6EF6-4F2C-41FF-A1B8-2BD434D41C2D_spk-0001_seg-0245088:0246005
240E6EF6-4F2C-41FF-A1B8-2BD434D41C2D_spk-0001_seg-0246753:0247232
240E6EF6-4F2C-41FF-A1B8-2BD434D41C2D_spk-0001_seg-0247232:0247984
240E6EF6-4F2C-41FF-A1B8-2BD434D41C2D_spk-0001_seg-0247984:0248603
240E6EF6-4F2C-41FF-A1B8-2BD434D41C2D_spk-0001_seg-0248603:0249303
240E6EF6-4F2C-41FF-A1B8-2BD434D41C2D_spk-0001_seg-0249303:0249940
240E6EF6-4F2C-41FF-A1B8-2BD434D41C2D_spk-0001_seg-0249940:0250863
240E6EF6-4F2C-41FF-A1B8-2BD434D41C2D_spk-0001_seg-0254732:0255671
240E6EF6-4F2C-41FF-A1B8-2BD434D41C2D_spk-0001_seg-0256816:0257609
240E6EF6-4F2C-41FF-A1B8-2BD434D41C2D_spk-0001_seg-0258236:0258971
240E6EF6-4F2C-41FF-A1B8-2BD434D41C2D_spk-0001_seg-0258971:0259673
240E6EF6-4F2C-41FF-A1B8-2BD434D41C2D_spk-0001_seg-0259673:0260530
240E6EF6-4F2C-41FF-A1B8-2BD434D41C2D_spk-0001_seg-0261464:0262250
240E6EF6-4F2C-41FF-A1B8-2BD434D41C2D_spk-0001_seg-0269890:0270602
240E6EF6-4F2C-41FF-A1B8-2BD434D41C2D_spk-0001_seg-0272347:0272930
240E6EF6-4F2C-41FF-A1B8-2BD434D41C2D_spk-0001_seg-0272930:0273541
240E6EF6-4F2C-41FF-A1B8-2BD434D41C2D_spk-0001_seg-0273541:0274109
240E6EF6-4F2C-41FF-A1B8-2BD434D41C2D_spk-0001_seg-0274505:0275423
240E6EF6-4F2C-41FF-A1B8-2BD434D41C2D_spk-0001_seg-0277111:0277930
240E6EF6-4F2C-41FF-A1B8-2BD434D41C2D_spk-0001_seg-0279358:0279917
240E6EF6-4F2C-41FF-A1B8-2BD434D41C2D_spk-0001_seg-0281777:0282569
240E6EF6-4F2C-41FF-A1B8-2BD434D41C2D_spk-0001_seg-0282569:0283005
240E6EF6-4F2C-41FF-A1B8-2BD434D41C2D_spk-0001_seg-0283005:0283562
240E6EF6-4F2C-41FF-A1B8-2BD434D41C2D_spk-0001_seg-0283562:0284191
240E6EF6-4F2C-41FF-A1B8-2BD434D41C2D_spk-0001_seg-0284191:0284975
240E6EF6-4F2C-41FF-A1B8-2BD434D41C2D_spk-0001_seg-0286369:0287001
240E6EF6-4F2C-41FF-A1B8-2BD434D41C2D_spk-0001_seg-0287001:0287725
240E6EF6-4F2C-41FF-A1B8-2BD434D41C2D_spk-0001_seg-0288367:0288887
240E6EF6-4F2C-41FF-A1B8-2BD434D41C2D_spk-0001_seg-0288887:0289620
240E6EF6-4F2C-41FF-A1B8-2BD434D41C2D_spk-0001_seg-0290263:0291019
240E6EF6-4F2C-41FF-A1B8-2BD434D41C2D_spk-0001_seg-0291019:0291824
240E6EF6-4F2C-41FF-A1B8-2BD434D41C2D_spk-0001_seg-0293473:0294407
4C7C238B-0F7D-401E-8A09-3D5860053C29_spk-0001_seg-0030733:0031358
5331FFF2-358E-445E-BA71-74B745387304_spk-0001_seg-0054972:0055827
5331FFF2-358E-445E-BA71-74B745387304_spk-0001_seg-0066680:0067277
5331FFF2-358E-445E-BA71-74B745387304_spk-0001_seg-0153877:0154511
70DB9158-FC3B-4335-B379-B9BE9911BC8E_spk-0001_seg-0036880:0037686
70DB9158-FC3B-4335-B379-B9BE9911BC8E_spk-0001_seg-0041920:0042623
70DB9158-FC3B-4335-B379-B9BE9911BC8E_spk-0001_seg-0048404:0049121
70DB9158-FC3B-4335-B379-B9BE9911BC8E_spk-0001_seg-0049499:0050132
70DB9158-FC3B-4335-B379-B9BE9911BC8E_spk-0001_seg-0050132:0050703
70DB9158-FC3B-4335-B379-B9BE9911BC8E_spk-0001_seg-0051369:0052336
70DB9158-FC3B-4335-B379-B9BE9911BC8E_spk-0001_seg-0073461:0074068
70DB9158-FC3B-4335-B379-B9BE9911BC8E_spk-0001_seg-0077167:0078136
70DB9158-FC3B-4335-B379-B9BE9911BC8E_spk-0001_seg-0080038:0080721
70DB9158-FC3B-4335-B379-B9BE9911BC8E_spk-0001_seg-0080721:0081433
70DB9158-FC3B-4335-B379-B9BE9911BC8E_spk-0001_seg-0081433:0082188
70DB9158-FC3B-4335-B379-B9BE9911BC8E_spk-0001_seg-0082188:0083039
70DB9158-FC3B-4335-B379-B9BE9911BC8E_spk-0001_seg-0083039:0083783
70DB9158-FC3B-4335-B379-B9BE9911BC8E_spk-0001_seg-0083783:0084205
70DB9158-FC3B-4335-B379-B9BE9911BC8E_spk-0001_seg-0084205:0084816
70DB9158-FC3B-4335-B379-B9BE9911BC8E_spk-0001_seg-0084816:0085827
70DB9158-FC3B-4335-B379-B9BE9911BC8E_spk-0001_seg-0085827:0086560
70DB9158-FC3B-4335-B379-B9BE9911BC8E_spk-0001_seg-0086560:0087236
70DB9158-FC3B-4335-B379-B9BE9911BC8E_spk-0001_seg-0087236:0088030
70DB9158-FC3B-4335-B379-B9BE9911BC8E_spk-0001_seg-0088581:0089227
70DB9158-FC3B-4335-B379-B9BE9911BC8E_spk-0001_seg-0089899:0090550
70DB9158-FC3B-4335-B379-B9BE9911BC8E_spk-0001_seg-0094028:0094724
70DB9158-FC3B-4335-B379-B9BE9911BC8E_spk-0001_seg-0094724:0095451
70DB9158-FC3B-4335-B379-B9BE9911BC8E_spk-0001_seg-0097050:0097738
70DB9158-FC3B-4335-B379-B9BE9911BC8E_spk-0001_seg-0097738:0098558
70DB9158-FC3B-4335-B379-B9BE9911BC8E_spk-0001_seg-0098558:0099391
70DB9158-FC3B-4335-B379-B9BE9911BC8E_spk-0001_seg-0099391:0099986
70DB9158-FC3B-4335-B379-B9BE9911BC8E_spk-0001_seg-0101114:0101949
70DB9158-FC3B-4335-B379-B9BE9911BC8E_spk-0001_seg-0105009:0105751
70DB9158-FC3B-4335-B379-B9BE9911BC8E_spk-0001_seg-0105751:0106531
70DB9158-FC3B-4335-B379-B9BE9911BC8E_spk-0001_seg-0106531:0107234
70DB9158-FC3B-4335-B379-B9BE9911BC8E_spk-0001_seg-0107234:0108032
70DB9158-FC3B-4335-B379-B9BE9911BC8E_spk-0001_seg-0108032:0108864
70DB9158-FC3B-4335-B379-B9BE9911BC8E_spk-0001_seg-0108864:0109393
70DB9158-FC3B-4335-B379-B9BE9911BC8E_spk-0001_seg-0109393:0110018
70DB9158-FC3B-4335-B379-B9BE9911BC8E_spk-0001_seg-0114763:0115796
70DB9158-FC3B-4335-B379-B9BE9911BC8E_spk-0001_seg-0115796:0116324
70DB9158-FC3B-4335-B379-B9BE9911BC8E_spk-0001_seg-0116651:0117449
70DB9158-FC3B-4335-B379-B9BE9911BC8E_spk-0001_seg-0117765:0118314
70DB9158-FC3B-4335-B379-B9BE9911BC8E_spk-0001_seg-0118314:0118863
70DB9158-FC3B-4335-B379-B9BE9911BC8E_spk-0001_seg-0118863:0119619
70DB9158-FC3B-4335-B379-B9BE9911BC8E_spk-0001_seg-0119619:0120138
70DB9158-FC3B-4335-B379-B9BE9911BC8E_spk-0001_seg-0120138:0120938
70DB9158-FC3B-4335-B379-B9BE9911BC8E_spk-0001_seg-0121598:0122496
70DB9158-FC3B-4335-B379-B9BE9911BC8E_spk-0001_seg-0122496:0123235
70DB9158-FC3B-4335-B379-B9BE9911BC8E_spk-0001_seg-0123235:0124056
70DB9158-FC3B-4335-B379-B9BE9911BC8E_spk-0001_seg-0124056:0125022
70DB9158-FC3B-4335-B379-B9BE9911BC8E_spk-0001_seg-0125022:0125800
70DB9158-FC3B-4335-B379-B9BE9911BC8E_spk-0001_seg-0126088:0126724
70DB9158-FC3B-4335-B379-B9BE9911BC8E_spk-0001_seg-0126724:0127390
70DB9158-FC3B-4335-B379-B9BE9911BC8E_spk-0001_seg-0127390:0128117
70DB9158-FC3B-4335-B379-B9BE9911BC8E_spk-0001_seg-0136506:0137088
70DB9158-FC3B-4335-B379-B9BE9911BC8E_spk-0001_seg-0137721:0138383
70DB9158-FC3B-4335-B379-B9BE9911BC8E_spk-0001_seg-0138383:0139168
70DB9158-FC3B-4335-B379-B9BE9911BC8E_spk-0001_seg-0139493:0140071
70DB9158-FC3B-4335-B379-B9BE9911BC8E_spk-0001_seg-0140071:0140778
70DB9158-FC3B-4335-B379-B9BE9911BC8E_spk-0001_seg-0141542:0142115
70DB9158-FC3B-4335-B379-B9BE9911BC8E_spk-0001_seg-0151921:0152697
70DB9158-FC3B-4335-B379-B9BE9911BC8E_spk-0001_seg-0163440:0163993
70DB9158-FC3B-4335-B379-B9BE9911BC8E_spk-0001_seg-0163993:0164855
70DB9158-FC3B-4335-B379-B9BE9911BC8E_spk-0001_seg-0169379:0169931
70DB9158-FC3B-4335-B379-B9BE9911BC8E_spk-0001_seg-0169931:0170734
70DB9158-FC3B-4335-B379-B9BE9911BC8E_spk-0001_seg-0170734:0171183
70DB9158-FC3B-4335-B379-B9BE9911BC8E_spk-0001_seg-0171183:0171893
70DB9158-FC3B-4335-B379-B9BE9911BC8E_spk-0001_seg-0173113:0173811
70DB9158-FC3B-4335-B379-B9BE9911BC8E_spk-0001_seg-0173811:0174402
70DB9158-FC3B-4335-B379-B9BE9911BC8E_spk-0001_seg-0174402:0175147
70DB9158-FC3B-4335-B379-B9BE9911BC8E_spk-0001_seg-0175147:0176139
70DB9158-FC3B-4335-B379-B9BE9911BC8E_spk-0001_seg-0176139:0177125
70DB9158-FC3B-4335-B379-B9BE9911BC8E_spk-0001_seg-0184542:0185125
70DB9158-FC3B-4335-B379-B9BE9911BC8E_spk-0001_seg-0187377:0188142
70DB9158-FC3B-4335-B379-B9BE9911BC8E_spk-0001_seg-0188142:0188922
70DB9158-FC3B-4335-B379-B9BE9911BC8E_spk-0001_seg-0190534:0191149
70DB9158-FC3B-4335-B379-B9BE9911BC8E_spk-0001_seg-0192129:0192863
70DB9158-FC3B-4335-B379-B9BE9911BC8E_spk-0001_seg-0193457:0193890
70DB9158-FC3B-4335-B379-B9BE9911BC8E_spk-0001_seg-0193890:0194345
70DB9158-FC3B-4335-B379-B9BE9911BC8E_spk-0001_seg-0201173:0201660
70DB9158-FC3B-4335-B379-B9BE9911BC8E_spk-0001_seg-0202758:0203283
70DB9158-FC3B-4335-B379-B9BE9911BC8E_spk-0001_seg-0203795:0204471
70DB9158-FC3B-4335-B379-B9BE9911BC8E_spk-0001_seg-0205023:0205609
70DB9158-FC3B-4335-B379-B9BE9911BC8E_spk-0001_seg-0205609:0206112
70DB9158-FC3B-4335-B379-B9BE9911BC8E_spk-0001_seg-0217012:0217640
70DB9158-FC3B-4335-B379-B9BE9911BC8E_spk-0001_seg-0228802:0229166
70DB9158-FC3B-4335-B379-B9BE9911BC8E_spk-0001_seg-0229166:0229719
70DB9158-FC3B-4335-B379-B9BE9911BC8E_spk-0001_seg-0229719:0230044
70DB9158-FC3B-4335-B379-B9BE9911BC8E_spk-0001_seg-0230044:0230459
70DB9158-FC3B-4335-B379-B9BE9911BC8E_spk-0001_seg-0230459:0230802
70DB9158-FC3B-4335-B379-B9BE9911BC8E_spk-0001_seg-0239151:0239856
70DB9158-FC3B-4335-B379-B9BE9911BC8E_spk-0001_seg-0239856:0240605
70DB9158-FC3B-4335-B379-B9BE9911BC8E_spk-0001_seg-0240605:0241417
70DB9158-FC3B-4335-B379-B9BE9911BC8E_spk-0001_seg-0242805:0243573
70DB9158-FC3B-4335-B379-B9BE9911BC8E_spk-0001_seg-0243573:0244217
70DB9158-FC3B-4335-B379-B9BE9911BC8E_spk-0001_seg-0248048:0248784
70DB9158-FC3B-4335-B379-B9BE9911BC8E_spk-0001_seg-0250600:0251455
70DB9158-FC3B-4335-B379-B9BE9911BC8E_spk-0001_seg-0252141:0252606
70DB9158-FC3B-4335-B379-B9BE9911BC8E_spk-0001_seg-0252606:0253301
70DB9158-FC3B-4335-B379-B9BE9911BC8E_spk-0001_seg-0254841:0255412
70DB9158-FC3B-4335-B379-B9BE9911BC8E_spk-0001_seg-0256000:0256515
70DB9158-FC3B-4335-B379-B9BE9911BC8E_spk-0001_seg-0256515:0257164
70DB9158-FC3B-4335-B379-B9BE9911BC8E_spk-0001_seg-0257829:0258552
70DB9158-FC3B-4335-B379-B9BE9911BC8E_spk-0001_seg-0258552:0259287
70DB9158-FC3B-4335-B379-B9BE9911BC8E_spk-0001_seg-0262584:0263224
70DB9158-FC3B-4335-B379-B9BE9911BC8E_spk-0001_seg-0263224:0263557
70DB9158-FC3B-4335-B379-B9BE9911BC8E_spk-0001_seg-0263557:0264319
70DB9158-FC3B-4335-B379-B9BE9911BC8E_spk-0001_seg-0264319:0265174
70DB9158-FC3B-4335-B379-B9BE9911BC8E_spk-0001_seg-0280114:0280625
70DB9158-FC3B-4335-B379-B9BE9911BC8E_spk-0001_seg-0280625:0281223
70DB9158-FC3B-4335-B379-B9BE9911BC8E_spk-0001_seg-0282276:0283026
70DB9158-FC3B-4335-B379-B9BE9911BC8E_spk-0001_seg-0283834:0284636
70DB9158-FC3B-4335-B379-B9BE9911BC8E_spk-0001_seg-0286844:0287251
70DB9158-FC3B-4335-B379-B9BE9911BC8E_spk-0001_seg-0288056:0288627
70DB9158-FC3B-4335-B379-B9BE9911BC8E_spk-0001_seg-0288627:0289140
70DB9158-FC3B-4335-B379-B9BE9911BC8E_spk-0001_seg-0289715:0290446
70DB9158-FC3B-4335-B379-B9BE9911BC8E_spk-0001_seg-0292101:0292920
70DB9158-FC3B-4335-B379-B9BE9911BC8E_spk-0001_seg-0293589:0294028
78C19D30-C01C-47A6-BD5E-52A7138654FA_spk-0001_seg-0057297:0057890
78C19D30-C01C-47A6-BD5E-52A7138654FA_spk-0001_seg-0060958:0061563
78C19D30-C01C-47A6-BD5E-52A7138654FA_spk-0001_seg-0061563:0061941
78C19D30-C01C-47A6-BD5E-52A7138654FA_spk-0001_seg-0067871:0068652
78C19D30-C01C-47A6-BD5E-52A7138654FA_spk-0001_seg-0090142:0090784
78C19D30-C01C-47A6-BD5E-52A7138654FA_spk-0001_seg-0093141:0094061
78C19D30-C01C-47A6-BD5E-52A7138654FA_spk-0001_seg-0101946:0102439
78C19D30-C01C-47A6-BD5E-52A7138654FA_spk-0001_seg-0102439:0103133
78C19D30-C01C-47A6-BD5E-52A7138654FA_spk-0001_seg-0114147:0114588
78C19D30-C01C-47A6-BD5E-52A7138654FA_spk-0001_seg-0114588:0115207
78C19D30-C01C-47A6-BD5E-52A7138654FA_spk-0001_seg-0115207:0115861
78C19D30-C01C-47A6-BD5E-52A7138654FA_spk-0001_seg-0115861:0116499
78C19D30-C01C-47A6-BD5E-52A7138654FA_spk-0001_seg-0116499:0117190
78C19D30-C01C-47A6-BD5E-52A7138654FA_spk-0001_seg-0120440:0121206
78C19D30-C01C-47A6-BD5E-52A7138654FA_spk-0001_seg-0121206:0121866
78C19D30-C01C-47A6-BD5E-52A7138654FA_spk-0001_seg-0125700:0126439
78C19D30-C01C-47A6-BD5E-52A7138654FA_spk-0001_seg-0126439:0126961
78C19D30-C01C-47A6-BD5E-52A7138654FA_spk-0001_seg-0127913:0128588
78C19D30-C01C-47A6-BD5E-52A7138654FA_spk-0001_seg-0128588:0129473
78C19D30-C01C-47A6-BD5E-52A7138654FA_spk-0001_seg-0137285:0138031
78C19D30-C01C-47A6-BD5E-52A7138654FA_spk-0001_seg-0138031:0138747
78C19D30-C01C-47A6-BD5E-52A7138654FA_spk-0001_seg-0140431:0141175
78C19D30-C01C-47A6-BD5E-52A7138654FA_spk-0001_seg-0143683:0144164
78C19D30-C01C-47A6-BD5E-52A7138654FA_spk-0001_seg-0144164:0144818
78C19D30-C01C-47A6-BD5E-52A7138654FA_spk-0001_seg-0147012:0147739
78C19D30-C01C-47A6-BD5E-52A7138654FA_spk-0001_seg-0154642:0155106
78C19D30-C01C-47A6-BD5E-52A7138654FA_spk-0001_seg-0155106:0155788
78C19D30-C01C-47A6-BD5E-52A7138654FA_spk-0001_seg-0155788:0156494
78C19D30-C01C-47A6-BD5E-52A7138654FA_spk-0001_seg-0156729:0157647
78C19D30-C01C-47A6-BD5E-52A7138654FA_spk-0001_seg-0157647:0158173
78C19D30-C01C-47A6-BD5E-52A7138654FA_spk-0001_seg-0158173:0158535
78C19D30-C01C-47A6-BD5E-52A7138654FA_spk-0001_seg-0158535:0159313
78C19D30-C01C-47A6-BD5E-52A7138654FA_spk-0001_seg-0164594:0165328
78C19D30-C01C-47A6-BD5E-52A7138654FA_spk-0001_seg-0165328:0165756
78C19D30-C01C-47A6-BD5E-52A7138654FA_spk-0001_seg-0166993:0167618
78C19D30-C01C-47A6-BD5E-52A7138654FA_spk-0001_seg-0167618:0168540
78C19D30-C01C-47A6-BD5E-52A7138654FA_spk-0001_seg-0170216:0170668
78C19D30-C01C-47A6-BD5E-52A7138654FA_spk-0001_seg-0170668:0171345
78C19D30-C01C-47A6-BD5E-52A7138654FA_spk-0001_seg-0171345:0172151
78C19D30-C01C-47A6-BD5E-52A7138654FA_spk-0001_seg-0183352:0184045
78C19D30-C01C-47A6-BD5E-52A7138654FA_spk-0001_seg-0184045:0184652
78C19D30-C01C-47A6-BD5E-52A7138654FA_spk-0001_seg-0184652:0185326
78C19D30-C01C-47A6-BD5E-52A7138654FA_spk-0001_seg-0185326:0186122
78C19D30-C01C-47A6-BD5E-52A7138654FA_spk-0001_seg-0186122:0186881
78C19D30-C01C-47A6-BD5E-52A7138654FA_spk-0001_seg-0196119:0196838
78C19D30-C01C-47A6-BD5E-52A7138654FA_spk-0001_seg-0196838:0197643
78C19D30-C01C-47A6-BD5E-52A7138654FA_spk-0001_seg-0197643:0198316
78C19D30-C01C-47A6-BD5E-52A7138654FA_spk-0001_seg-0198316:0199059
78C19D30-C01C-47A6-BD5E-52A7138654FA_spk-0001_seg-0200281:0201095
78C19D30-C01C-47A6-BD5E-52A7138654FA_spk-0001_seg-0202306:0203154
78C19D30-C01C-47A6-BD5E-52A7138654FA_spk-0001_seg-0205098:0205738
78C19D30-C01C-47A6-BD5E-52A7138654FA_spk-0001_seg-0205738:0206321
78C19D30-C01C-47A6-BD5E-52A7138654FA_spk-0001_seg-0206621:0207406
78C19D30-C01C-47A6-BD5E-52A7138654FA_spk-0001_seg-0209055:0209465
78C19D30-C01C-47A6-BD5E-52A7138654FA_spk-0001_seg-0213342:0213994
78C19D30-C01C-47A6-BD5E-52A7138654FA_spk-0001_seg-0213994:0214381
78C19D30-C01C-47A6-BD5E-52A7138654FA_spk-0001_seg-0214381:0214835
78C19D30-C01C-47A6-BD5E-52A7138654FA_spk-0001_seg-0218744:0219466
78C19D30-C01C-47A6-BD5E-52A7138654FA_spk-0001_seg-0219466:0220196
78C19D30-C01C-47A6-BD5E-52A7138654FA_spk-0001_seg-0221030:0221842
78C19D30-C01C-47A6-BD5E-52A7138654FA_spk-0001_seg-0222455:0222977
78C19D30-C01C-47A6-BD5E-52A7138654FA_spk-0001_seg-0222977:0223619
78C19D30-C01C-47A6-BD5E-52A7138654FA_spk-0001_seg-0223619:0224350
78C19D30-C01C-47A6-BD5E-52A7138654FA_spk-0001_seg-0224350:0225109
78C19D30-C01C-47A6-BD5E-52A7138654FA_spk-0001_seg-0225109:0225590
78C19D30-C01C-47A6-BD5E-52A7138654FA_spk-0001_seg-0225590:0225977
78C19D30-C01C-47A6-BD5E-52A7138654FA_spk-0001_seg-0225977:0226458
78C19D30-C01C-47A6-BD5E-52A7138654FA_spk-0001_seg-0226458:0227044
78C19D30-C01C-47A6-BD5E-52A7138654FA_spk-0001_seg-0227614:0228092
78C19D30-C01C-47A6-BD5E-52A7138654FA_spk-0001_seg-0228092:0228630
78C19D30-C01C-47A6-BD5E-52A7138654FA_spk-0001_seg-0228630:0229733
78C19D30-C01C-47A6-BD5E-52A7138654FA_spk-0001_seg-0229733:0230391
78C19D30-C01C-47A6-BD5E-52A7138654FA_spk-0001_seg-0230391:0231163
78C19D30-C01C-47A6-BD5E-52A7138654FA_spk-0001_seg-0231163:0231555
78C19D30-C01C-47A6-BD5E-52A7138654FA_spk-0001_seg-0231555:0232301
78C19D30-C01C-47A6-BD5E-52A7138654FA_spk-0001_seg-0232301:0232948
78C19D30-C01C-47A6-BD5E-52A7138654FA_spk-0001_seg-0232948:0233532
78C19D30-C01C-47A6-BD5E-52A7138654FA_spk-0001_seg-0233532:0234192
78C19D30-C01C-47A6-BD5E-52A7138654FA_spk-0001_seg-0234192:0234978
78C19D30-C01C-47A6-BD5E-52A7138654FA_spk-0001_seg-0234978:0235477
78C19D30-C01C-47A6-BD5E-52A7138654FA_spk-0001_seg-0235477:0235948
78C19D30-C01C-47A6-BD5E-52A7138654FA_spk-0001_seg-0235948:0236823
78C19D30-C01C-47A6-BD5E-52A7138654FA_spk-0001_seg-0237275:0237841
78C19D30-C01C-47A6-BD5E-52A7138654FA_spk-0001_seg-0237841:0238506
78C19D30-C01C-47A6-BD5E-52A7138654FA_spk-0001_seg-0241060:0241667
78C19D30-C01C-47A6-BD5E-52A7138654FA_spk-0001_seg-0241667:0242307
78C19D30-C01C-47A6-BD5E-52A7138654FA_spk-0001_seg-0242307:0242637
78C19D30-C01C-47A6-BD5E-52A7138654FA_spk-0001_seg-0242637:0243259
78C19D30-C01C-47A6-BD5E-52A7138654FA_spk-0001_seg-0261646:0262440
78C19D30-C01C-47A6-BD5E-52A7138654FA_spk-0001_seg-0263223:0263861
78C19D30-C01C-47A6-BD5E-52A7138654FA_spk-0001_seg-0263861:0264557
78C19D30-C01C-47A6-BD5E-52A7138654FA_spk-0001_seg-0270761:0271364
78C19D30-C01C-47A6-BD5E-52A7138654FA_spk-0001_seg-0271364:0271976
78C19D30-C01C-47A6-BD5E-52A7138654FA_spk-0001_seg-0275922:0276563
78C19D30-C01C-47A6-BD5E-52A7138654FA_spk-0001_seg-0276563:0277306
78C19D30-C01C-47A6-BD5E-52A7138654FA_spk-0001_seg-0277306:0277931
78C19D30-C01C-47A6-BD5E-52A7138654FA_spk-0001_seg-0277931:0278561
78C19D30-C01C-47A6-BD5E-52A7138654FA_spk-0001_seg-0282303:0282989
78C19D30-C01C-47A6-BD5E-52A7138654FA_spk-0001_seg-0282989:0283578
94D37D38-B203-4FC0-9F3A-538F5C174920_spk-0001_seg-0027441:0028344
94D37D38-B203-4FC0-9F3A-538F5C174920_spk-0001_seg-0028344:0029202
94D37D38-B203-4FC0-9F3A-538F5C174920_spk-0001_seg-0054717:0055587
94D37D38-B203-4FC0-9F3A-538F5C174920_spk-0001_seg-0055587:0056263
94D37D38-B203-4FC0-9F3A-538F5C174920_spk-0001_seg-0056263:0057015
94D37D38-B203-4FC0-9F3A-538F5C174920_spk-0001_seg-0057015:0057834
94D37D38-B203-4FC0-9F3A-538F5C174920_spk-0001_seg-0057834:0058465
94D37D38-B203-4FC0-9F3A-538F5C174920_spk-0001_seg-0058465:0058971
94D37D38-B203-4FC0-9F3A-538F5C174920_spk-0001_seg-0058971:0059691
94D37D38-B203-4FC0-9F3A-538F5C174920_spk-0001_seg-0068225:0069012
94D37D38-B203-4FC0-9F3A-538F5C174920_spk-0001_seg-0079395:0080295
94D37D38-B203-4FC0-9F3A-538F5C174920_spk-0001_seg-0097335:0097899
94D37D38-B203-4FC0-9F3A-538F5C174920_spk-0001_seg-0097899:0098492
94D37D38-B203-4FC0-9F3A-538F5C174920_spk-0001_seg-0098492:0099369
94D37D38-B203-4FC0-9F3A-538F5C174920_spk-0001_seg-0102472:0103179
94D37D38-B203-4FC0-9F3A-538F5C174920_spk-0001_seg-0105588:0106209
94D37D38-B203-4FC0-9F3A-538F5C174920_spk-0001_seg-0114083:0114909
94D37D38-B203-4FC0-9F3A-538F5C174920_spk-0001_seg-0114909:0115608
94D37D38-B203-4FC0-9F3A-538F5C174920_spk-0001_seg-0115608:0116444
94D37D38-B203-4FC0-9F3A-538F5C174920_spk-0001_seg-0116444:0117043
94D37D38-B203-4FC0-9F3A-538F5C174920_spk-0001_seg-0117449:0118156
94D37D38-B203-4FC0-9F3A-538F5C174920_spk-0001_seg-0118156:0118961
94D37D38-B203-4FC0-9F3A-538F5C174920_spk-0001_seg-0118961:0119822
94D37D38-B203-4FC0-9F3A-538F5C174920_spk-0001_seg-0119822:0120476
94D37D38-B203-4FC0-9F3A-538F5C174920_spk-0001_seg-0120476:0121143
94D37D38-B203-4FC0-9F3A-538F5C174920_spk-0001_seg-0121651:0122209
94D37D38-B203-4FC0-9F3A-538F5C174920_spk-0001_seg-0122209:0122713
94D37D38-B203-4FC0-9F3A-538F5C174920_spk-0001_seg-0127983:0128626
94D37D38-B203-4FC0-9F3A-538F5C174920_spk-0001_seg-0128626:0129089
94D37D38-B203-4FC0-9F3A-538F5C174920_spk-0001_seg-0142211:0142951
94D37D38-B203-4FC0-9F3A-538F5C174920_spk-0001_seg-0144168:0145018
94D37D38-B203-4FC0-9F3A-538F5C174920_spk-0001_seg-0155936:0156856
94D37D38-B203-4FC0-9F3A-538F5C174920_spk-0001_seg-0164007:0164645
94D37D38-B203-4FC0-9F3A-538F5C174920_spk-0001_seg-0164645:0165135
94D37D38-B203-4FC0-9F3A-538F5C174920_spk-0001_seg-0171574:0172265
94D37D38-B203-4FC0-9F3A-538F5C174920_spk-0001_seg-0172265:0173071
94D37D38-B203-4FC0-9F3A-538F5C174920_spk-0001_seg-0173071:0173855
94D37D38-B203-4FC0-9F3A-538F5C174920_spk-0001_seg-0173855:0174430
94D37D38-B203-4FC0-9F3A-538F5C174920_spk-0001_seg-0174430:0174965
94D37D38-B203-4FC0-9F3A-538F5C174920_spk-0001_seg-0174965:0175800
94D37D38-B203-4FC0-9F3A-538F5C174920_spk-0001_seg-0176930:0177558
94D37D38-B203-4FC0-9F3A-538F5C174920_spk-0001_seg-0179407:0179856
94D37D38-B203-4FC0-9F3A-538F5C174920_spk-0001_seg-0181537:0182136
94D37D38-B203-4FC0-9F3A-538F5C174920_spk-0001_seg-0185140:0185878
94D37D38-B203-4FC0-9F3A-538F5C174920_spk-0001_seg-0185878:0186518
94D37D38-B203-4FC0-9F3A-538F5C174920_spk-0001_seg-0187304:0187902
94D37D38-B203-4FC0-9F3A-538F5C174920_spk-0001_seg-0189889:0190733
94D37D38-B203-4FC0-9F3A-538F5C174920_spk-0001_seg-0194449:0194877
94D37D38-B203-4FC0-9F3A-538F5C174920_spk-0001_seg-0195531:0196031
94D37D38-B203-4FC0-9F3A-538F5C174920_spk-0001_seg-0196031:0196439
94D37D38-B203-4FC0-9F3A-538F5C174920_spk-0001_seg-0196439:0196859
94D37D38-B203-4FC0-9F3A-538F5C174920_spk-0001_seg-0197268:0197927
94D37D38-B203-4FC0-9F3A-538F5C174920_spk-0001_seg-0197927:0198463
94D37D38-B203-4FC0-9F3A-538F5C174920_spk-0001_seg-0198463:0198949
94D37D38-B203-4FC0-9F3A-538F5C174920_spk-0001_seg-0198949:0199369
94D37D38-B203-4FC0-9F3A-538F5C174920_spk-0001_seg-0199369:0200080
94D37D38-B203-4FC0-9F3A-538F5C174920_spk-0001_seg-0203571:0204224
94D37D38-B203-4FC0-9F3A-538F5C174920_spk-0001_seg-0204790:0205582
94D37D38-B203-4FC0-9F3A-538F5C174920_spk-0001_seg-0206348:0206814
94D37D38-B203-4FC0-9F3A-538F5C174920_spk-0001_seg-0206814:0207361
94D37D38-B203-4FC0-9F3A-538F5C174920_spk-0001_seg-0215027:0215789
94D37D38-B203-4FC0-9F3A-538F5C174920_spk-0001_seg-0239317:0240104
94D37D38-B203-4FC0-9F3A-538F5C174920_spk-0001_seg-0241026:0241669
94D37D38-B203-4FC0-9F3A-538F5C174920_spk-0001_seg-0241669:0242227
94D37D38-B203-4FC0-9F3A-538F5C174920_spk-0001_seg-0242227:0242665
94D37D38-B203-4FC0-9F3A-538F5C174920_spk-0001_seg-0244838:0245411
94D37D38-B203-4FC0-9F3A-538F5C174920_spk-0001_seg-0246408:0247313
94D37D38-B203-4FC0-9F3A-538F5C174920_spk-0001_seg-0247313:0248169
94D37D38-B203-4FC0-9F3A-538F5C174920_spk-0001_seg-0248169:0248950
94D37D38-B203-4FC0-9F3A-538F5C174920_spk-0001_seg-0248950:0249406
94D37D38-B203-4FC0-9F3A-538F5C174920_spk-0001_seg-0249406:0250421
94D37D38-B203-4FC0-9F3A-538F5C174920_spk-0001_seg-0250421:0251105
94D37D38-B203-4FC0-9F3A-538F5C174920_spk-0001_seg-0251105:0251996
94D37D38-B203-4FC0-9F3A-538F5C174920_spk-0001_seg-0251996:0252612
94D37D38-B203-4FC0-9F3A-538F5C174920_spk-0001_seg-0253340:0254023
94D37D38-B203-4FC0-9F3A-538F5C174920_spk-0001_seg-0254023:0254858
94D37D38-B203-4FC0-9F3A-538F5C174920_spk-0001_seg-0261102:0261842
94D37D38-B203-4FC0-9F3A-538F5C174920_spk-0001_seg-0261842:0262467
94D37D38-B203-4FC0-9F3A-538F5C174920_spk-0001_seg-0262467:0262954
94D37D38-B203-4FC0-9F3A-538F5C174920_spk-0001_seg-0262954:0263602
94D37D38-B203-4FC0-9F3A-538F5C174920_spk-0001_seg-0267721:0268318
94D37D38-B203-4FC0-9F3A-538F5C174920_spk-0001_seg-0274620:0275379
94D37D38-B203-4FC0-9F3A-538F5C174920_spk-0001_seg-0275379:0276051
94D37D38-B203-4FC0-9F3A-538F5C174920_spk-0001_seg-0276051:0276787
94D37D38-B203-4FC0-9F3A-538F5C174920_spk-0001_seg-0278799:0279228
94D37D38-B203-4FC0-9F3A-538F5C174920_spk-0001_seg-0279774:0280327
94D37D38-B203-4FC0-9F3A-538F5C174920_spk-0001_seg-0280327:0281074
94D37D38-B203-4FC0-9F3A-538F5C174920_spk-0001_seg-0281074:0281493
94D37D38-B203-4FC0-9F3A-538F5C174920_spk-0001_seg-0281493:0282238
94D37D38-B203-4FC0-9F3A-538F5C174920_spk-0001_seg-0282238:0282917
A7FD87DD-5824-4AD6-96B1-8B61AFA1577D_spk-0001_seg-0027267:0027916
A7FD87DD-5824-4AD6-96B1-8B61AFA1577D_spk-0001_seg-0103325:0104129
A7FD87DD-5824-4AD6-96B1-8B61AFA1577D_spk-0001_seg-0104129:0104972
A7FD87DD-5824-4AD6-96B1-8B61AFA1577D_spk-0001_seg-0104972:0105513
A7FD87DD-5824-4AD6-96B1-8B61AFA1577D_spk-0001_seg-0118274:0119234
A7FD87DD-5824-4AD6-96B1-8B61AFA1577D_spk-0001_seg-0158669:0159617
A7FD87DD-5824-4AD6-96B1-8B61AFA1577D_spk-0001_seg-0159617:0160175
A7FD87DD-5824-4AD6-96B1-8B61AFA1577D_spk-0001_seg-0160175:0160902
A7FD87DD-5824-4AD6-96B1-8B61AFA1577D_spk-0001_seg-0160902:0161510
A7FD87DD-5824-4AD6-96B1-8B61AFA1577D_spk-0001_seg-0161510:0162339
A7FD87DD-5824-4AD6-96B1-8B61AFA1577D_spk-0001_seg-0163002:0163542
A7FD87DD-5824-4AD6-96B1-8B61AFA1577D_spk-0001_seg-0165644:0166418
A7FD87DD-5824-4AD6-96B1-8B61AFA1577D_spk-0001_seg-0166418:0167140
A7FD87DD-5824-4AD6-96B1-8B61AFA1577D_spk-0001_seg-0181372:0182355
A7FD87DD-5824-4AD6-96B1-8B61AFA1577D_spk-0001_seg-0186903:0187685
A7FD87DD-5824-4AD6-96B1-8B61AFA1577D_spk-0001_seg-0190039:0190747
A7FD87DD-5824-4AD6-96B1-8B61AFA1577D_spk-0001_seg-0197195:0197999
A7FD87DD-5824-4AD6-96B1-8B61AFA1577D_spk-0001_seg-0209152:0209996
A7FD87DD-5824-4AD6-96B1-8B61AFA1577D_spk-0001_seg-0209996:0210592
A7FD87DD-5824-4AD6-96B1-8B61AFA1577D_spk-0001_seg-0210592:0211330
A7FD87DD-5824-4AD6-96B1-8B61AFA1577D_spk-0001_seg-0211330:0212119
A7FD87DD-5824-4AD6-96B1-8B61AFA1577D_spk-0001_seg-0221442:0222221
A7FD87DD-5824-4AD6-96B1-8B61AFA1577D_spk-0001_seg-0222221:0223048
A7FD87DD-5824-4AD6-96B1-8B61AFA1577D_spk-0001_seg-0228006:0228758
A7FD87DD-5824-4AD6-96B1-8B61AFA1577D_spk-0001_seg-0235415:0236342
A7FD87DD-5824-4AD6-96B1-8B61AFA1577D_spk-0001_seg-0236342:0237301
A7FD87DD-5824-4AD6-96B1-8B61AFA1577D_spk-0001_seg-0237301:0238194
A7FD87DD-5824-4AD6-96B1-8B61AFA1577D_spk-0001_seg-0238194:0238969
A7FD87DD-5824-4AD6-96B1-8B61AFA1577D_spk-0001_seg-0238969:0239654
A7FD87DD-5824-4AD6-96B1-8B61AFA1577D_spk-0001_seg-0247839:0248623
A7FD87DD-5824-4AD6-96B1-8B61AFA1577D_spk-0001_seg-0248623:0249542
B05F2153-99B1-4F8D-80EE-332CD2CE38AD_spk-0001_seg-0054042:0054760
B05F2153-99B1-4F8D-80EE-332CD2CE38AD_spk-0001_seg-0087973:0088876
B8DBA457-2FE6-4A30-B67C-2543E6FAFDAC_spk-0001_seg-0058414:0059211
B8DBA457-2FE6-4A30-B67C-2543E6FAFDAC_spk-0001_seg-0060767:0061490
B8DBA457-2FE6-4A30-B67C-2543E6FAFDAC_spk-0001_seg-0087114:0087994
B8DBA457-2FE6-4A30-B67C-2543E6FAFDAC_spk-0001_seg-0093467:0093925
B8DBA457-2FE6-4A30-B67C-2543E6FAFDAC_spk-0001_seg-0120922:0121813
C0F217F9-EEEA-4615-9C09-38834DC0A4AC_spk-0001_seg-0025147:0025508
C0F217F9-EEEA-4615-9C09-38834DC0A4AC_spk-0001_seg-0028414:0028813
C0F217F9-EEEA-4615-9C09-38834DC0A4AC_spk-0001_seg-0028813:0029498
C0F217F9-EEEA-4615-9C09-38834DC0A4AC_spk-0001_seg-0036266:0036557
C0F217F9-EEEA-4615-9C09-38834DC0A4AC_spk-0001_seg-0036557:0037306
C0F217F9-EEEA-4615-9C09-38834DC0A4AC_spk-0001_seg-0055599:0056016
C0F217F9-EEEA-4615-9C09-38834DC0A4AC_spk-0001_seg-0057270:0057488
C0F217F9-EEEA-4615-9C09-38834DC0A4AC_spk-0001_seg-0057488:0057908
C0F217F9-EEEA-4615-9C09-38834DC0A4AC_spk-0001_seg-0063266:0063609
C0F217F9-EEEA-4615-9C09-38834DC0A4AC_spk-0001_seg-0063609:0064269
C0F217F9-EEEA-4615-9C09-38834DC0A4AC_spk-0001_seg-0064929:0065741
C0F217F9-EEEA-4615-9C09-38834DC0A4AC_spk-0001_seg-0065741:0066152
C0F217F9-EEEA-4615-9C09-38834DC0A4AC_spk-0001_seg-0066152:0066585
C0F217F9-EEEA-4615-9C09-38834DC0A4AC_spk-0001_seg-0066585:0067034
C0F217F9-EEEA-4615-9C09-38834DC0A4AC_spk-0001_seg-0068837:0069146
C0F217F9-EEEA-4615-9C09-38834DC0A4AC_spk-0001_seg-0072640:0073518
C0F217F9-EEEA-4615-9C09-38834DC0A4AC_spk-0001_seg-0078382:0078671
C0F217F9-EEEA-4615-9C09-38834DC0A4AC_spk-0001_seg-0085253:0085687
C0F217F9-EEEA-4615-9C09-38834DC0A4AC_spk-0001_seg-0086107:0086883
C0F217F9-EEEA-4615-9C09-38834DC0A4AC_spk-0001_seg-0089219:0089638
C0F217F9-EEEA-4615-9C09-38834DC0A4AC_spk-0001_seg-0091514:0091973
C0F217F9-EEEA-4615-9C09-38834DC0A4AC_spk-0001_seg-0091973:0092279
C0F217F9-EEEA-4615-9C09-38834DC0A4AC_spk-0001_seg-0092279:0092620
C0F217F9-EEEA-4615-9C09-38834DC0A4AC_spk-0001_seg-0092620:0093042
C0F217F9-EEEA-4615-9C09-38834DC0A4AC_spk-0001_seg-0093042:0093496
C0F217F9-EEEA-4615-9C09-38834DC0A4AC_spk-0001_seg-0093496:0093736
C0F217F9-EEEA-4615-9C09-38834DC0A4AC_spk-0001_seg-0093978:0094479
C0F217F9-EEEA-4615-9C09-38834DC0A4AC_spk-0001_seg-0094479:0094698
C0F217F9-EEEA-4615-9C09-38834DC0A4AC_spk-0001_seg-0094698:0095353
C0F217F9-EEEA-4615-9C09-38834DC0A4AC_spk-0001_seg-0095353:0095607
C0F217F9-EEEA-4615-9C09-38834DC0A4AC_spk-0001_seg-0096446:0097056
C0F217F9-EEEA-4615-9C09-38834DC0A4AC_spk-0001_seg-0097056:0097516
C0F217F9-EEEA-4615-9C09-38834DC0A4AC_spk-0001_seg-0097516:0097730
C0F217F9-EEEA-4615-9C09-38834DC0A4AC_spk-0001_seg-0097730:0098510
C0F217F9-EEEA-4615-9C09-38834DC0A4AC_spk-0001_seg-0098510:0099180
C0F217F9-EEEA-4615-9C09-38834DC0A4AC_spk-0001_seg-0099180:0099355
C0F217F9-EEEA-4615-9C09-38834DC0A4AC_spk-0001_seg-0099355:0099676
C0F217F9-EEEA-4615-9C09-38834DC0A4AC_spk-0001_seg-0099676:0099991
C0F217F9-EEEA-4615-9C09-38834DC0A4AC_spk-0001_seg-0099991:0100524
C0F217F9-EEEA-4615-9C09-38834DC0A4AC_spk-0001_seg-0100524:0101023
C0F217F9-EEEA-4615-9C09-38834DC0A4AC_spk-0001_seg-0105305:0105826
C0F217F9-EEEA-4615-9C09-38834DC0A4AC_spk-0001_seg-0105826:0106267
C0F217F9-EEEA-4615-9C09-38834DC0A4AC_spk-0001_seg-0106267:0106690
C0F217F9-EEEA-4615-9C09-38834DC0A4AC_spk-0001_seg-0113260:0113514
C0F217F9-EEEA-4615-9C09-38834DC0A4AC_spk-0001_seg-0113514:0113998
C0F217F9-EEEA-4615-9C09-38834DC0A4AC_spk-0001_seg-0114830:0115329
C0F217F9-EEEA-4615-9C09-38834DC0A4AC_spk-0001_seg-0115329:0115609
C0F217F9-EEEA-4615-9C09-38834DC0A4AC_spk-0001_seg-0115609:0115835
C0F217F9-EEEA-4615-9C09-38834DC0A4AC_spk-0001_seg-0115835:0116057
C0F217F9-EEEA-4615-9C09-38834DC0A4AC_spk-0001_seg-0116057:0116223
C0F217F9-EEEA-4615-9C09-38834DC0A4AC_spk-0001_seg-0116223:0116579
C0F217F9-EEEA-4615-9C09-38834DC0A4AC_spk-0001_seg-0118467:0118848
C0F217F9-EEEA-4615-9C09-38834DC0A4AC_spk-0001_seg-0118848:0119133
C0F217F9-EEEA-4615-9C09-38834DC0A4AC_spk-0001_seg-0119133:0119484
C0F217F9-EEEA-4615-9C09-38834DC0A4AC_spk-0001_seg-0119484:0119771
C0F217F9-EEEA-4615-9C09-38834DC0A4AC_spk-0001_seg-0119771:0119983
C0F217F9-EEEA-4615-9C09-38834DC0A4AC_spk-0001_seg-0119983:0120322
C0F217F9-EEEA-4615-9C09-38834DC0A4AC_spk-0001_seg-0120322:0120988
C0F217F9-EEEA-4615-9C09-38834DC0A4AC_spk-0001_seg-0121301:0121744
C0F217F9-EEEA-4615-9C09-38834DC0A4AC_spk-0001_seg-0122920:0123706
C0F217F9-EEEA-4615-9C09-38834DC0A4AC_spk-0001_seg-0123932:0124796
C0F217F9-EEEA-4615-9C09-38834DC0A4AC_spk-0001_seg-0125311:0125780
C0F217F9-EEEA-4615-9C09-38834DC0A4AC_spk-0001_seg-0125780:0126116
C0F217F9-EEEA-4615-9C09-38834DC0A4AC_spk-0001_seg-0126116:0126783
C0F217F9-EEEA-4615-9C09-38834DC0A4AC_spk-0001_seg-0128173:0128615
C0F217F9-EEEA-4615-9C09-38834DC0A4AC_spk-0001_seg-0128615:0129235
C0F217F9-EEEA-4615-9C09-38834DC0A4AC_spk-0001_seg-0132513:0132971
C0F217F9-EEEA-4615-9C09-38834DC0A4AC_spk-0001_seg-0132971:0133137
C0F217F9-EEEA-4615-9C09-38834DC0A4AC_spk-0001_seg-0133137:0133962
C0F217F9-EEEA-4615-9C09-38834DC0A4AC_spk-0001_seg-0133962:0134378
C0F217F9-EEEA-4615-9C09-38834DC0A4AC_spk-0001_seg-0134378:0134987
C0F217F9-EEEA-4615-9C09-38834DC0A4AC_spk-0001_seg-0134987:0135593
C0F217F9-EEEA-4615-9C09-38834DC0A4AC_spk-0001_seg-0135593:0135964
C0F217F9-EEEA-4615-9C09-38834DC0A4AC_spk-0001_seg-0135964:0136478
C0F217F9-EEEA-4615-9C09-38834DC0A4AC_spk-0001_seg-0136478:0136918
C0F217F9-EEEA-4615-9C09-38834DC0A4AC_spk-0001_seg-0137797:0138318
C0F217F9-EEEA-4615-9C09-38834DC0A4AC_spk-0001_seg-0141127:0141612
C0F217F9-EEEA-4615-9C09-38834DC0A4AC_spk-0001_seg-0146407:0147135
C0F217F9-EEEA-4615-9C09-38834DC0A4AC_spk-0001_seg-0148390:0148730
C0F217F9-EEEA-4615-9C09-38834DC0A4AC_spk-0001_seg-0151507:0151982
C0F217F9-EEEA-4615-9C09-38834DC0A4AC_spk-0001_seg-0152847:0153107
C0F217F9-EEEA-4615-9C09-38834DC0A4AC_spk-0001_seg-0153452:0153791
C0F217F9-EEEA-4615-9C09-38834DC0A4AC_spk-0001_seg-0153791:0154235
C0F217F9-EEEA-4615-9C09-38834DC0A4AC_spk-0001_seg-0158007:0158759
C0F217F9-EEEA-4615-9C09-38834DC0A4AC_spk-0001_seg-0160217:0160711
C0F217F9-EEEA-4615-9C09-38834DC0A4AC_spk-0001_seg-0160711:0161196
C0F217F9-EEEA-4615-9C09-38834DC0A4AC_spk-0001_seg-0162092:0162741
C0F217F9-EEEA-4615-9C09-38834DC0A4AC_spk-0001_seg-0162741:0163227
C0F217F9-EEEA-4615-9C09-38834DC0A4AC_spk-0001_seg-0163227:0163771
C0F217F9-EEEA-4615-9C09-38834DC0A4AC_spk-0001_seg-0166002:0166196
C0F217F9-EEEA-4615-9C09-38834DC0A4AC_spk-0001_seg-0166196:0166895
C0F217F9-EEEA-4615-9C09-38834DC0A4AC_spk-0001_seg-0167752:0168153
C0F217F9-EEEA-4615-9C09-38834DC0A4AC_spk-0001_seg-0168153:0168629
C0F217F9-EEEA-4615-9C09-38834DC0A4AC_spk-0001_seg-0168629:0169171
C0F217F9-EEEA-4615-9C09-38834DC0A4AC_spk-0001_seg-0169171:0169775
C0F217F9-EEEA-4615-9C09-38834DC0A4AC_spk-0001_seg-0169775:0170139
C0F217F9-EEEA-4615-9C09-38834DC0A4AC_spk-0001_seg-0170139:0170729
C0F217F9-EEEA-4615-9C09-38834DC0A4AC_spk-0001_seg-0170729:0171203
C0F217F9-EEEA-4615-9C09-38834DC0A4AC_spk-0001_seg-0171203:0171555
C0F217F9-EEEA-4615-9C09-38834DC0A4AC_spk-0001_seg-0171555:0172182
C0F217F9-EEEA-4615-9C09-38834DC0A4AC_spk-0001_seg-0172182:0172564
C0F217F9-EEEA-4615-9C09-38834DC0A4AC_spk-0001_seg-0172564:0172938
C0F217F9-EEEA-4615-9C09-38834DC0A4AC_spk-0001_seg-0172938:0173845
C0F217F9-EEEA-4615-9C09-38834DC0A4AC_spk-0001_seg-0173845:0174436
C0F217F9-EEEA-4615-9C09-38834DC0A4AC_spk-0001_seg-0174881:0175463
C0F217F9-EEEA-4615-9C09-38834DC0A4AC_spk-0001_seg-0176935:0177401
C0F217F9-EEEA-4615-9C09-38834DC0A4AC_spk-0001_seg-0177401:0177870
C0F217F9-EEEA-4615-9C09-38834DC0A4AC_spk-0001_seg-0177870:0178210
C0F217F9-EEEA-4615-9C09-38834DC0A4AC_spk-0001_seg-0178210:0178953
C0F217F9-EEEA-4615-9C09-38834DC0A4AC_spk-0001_seg-0178953:0179631
C0F217F9-EEEA-4615-9C09-38834DC0A4AC_spk-0001_seg-0179631:0180245
C0F217F9-EEEA-4615-9C09-38834DC0A4AC_spk-0001_seg-0181025:0181505
C0F217F9-EEEA-4615-9C09-38834DC0A4AC_spk-0001_seg-0181505:0181769
C0F217F9-EEEA-4615-9C09-38834DC0A4AC_spk-0001_seg-0182966:0183313
C0F217F9-EEEA-4615-9C09-38834DC0A4AC_spk-0001_seg-0184330:0184624
C0F217F9-EEEA-4615-9C09-38834DC0A4AC_spk-0001_seg-0184624:0185121
C0F217F9-EEEA-4615-9C09-38834DC0A4AC_spk-0001_seg-0185121:0185461
C0F217F9-EEEA-4615-9C09-38834DC0A4AC_spk-0001_seg-0185461:0185761
C0F217F9-EEEA-4615-9C09-38834DC0A4AC_spk-0001_seg-0185761:0186177
C0F217F9-EEEA-4615-9C09-38834DC0A4AC_spk-0001_seg-0186177:0186799
C0F217F9-EEEA-4615-9C09-38834DC0A4AC_spk-0001_seg-0186799:0187134
C0F217F9-EEEA-4615-9C09-38834DC0A4AC_spk-0001_seg-0187134:0187430
C0F217F9-EEEA-4615-9C09-38834DC0A4AC_spk-0001_seg-0187430:0187671
C0F217F9-EEEA-4615-9C09-38834DC0A4AC_spk-0001_seg-0187671:0187976
C0F217F9-EEEA-4615-9C09-38834DC0A4AC_spk-0001_seg-0187976:0188293
C0F217F9-EEEA-4615-9C09-38834DC0A4AC_spk-0001_seg-0188293:0188504
C0F217F9-EEEA-4615-9C09-38834DC0A4AC_spk-0001_seg-0188504:0189013
C0F217F9-EEEA-4615-9C09-38834DC0A4AC_spk-0001_seg-0189013:0189412
C0F217F9-EEEA-4615-9C09-38834DC0A4AC_spk-0001_seg-0189412:0189686
C0F217F9-EEEA-4615-9C09-38834DC0A4AC_spk-0001_seg-0189686:0190224
C0F217F9-EEEA-4615-9C09-38834DC0A4AC_spk-0001_seg-0190224:0190590
C0F217F9-EEEA-4615-9C09-38834DC0A4AC_spk-0001_seg-0190590:0190882
C0F217F9-EEEA-4615-9C09-38834DC0A4AC_spk-0001_seg-0190882:0191129
C0F217F9-EEEA-4615-9C09-38834DC0A4AC_spk-0001_seg-0191129:0191475
C0F217F9-EEEA-4615-9C09-38834DC0A4AC_spk-0001_seg-0191475:0192071
C0F217F9-EEEA-4615-9C09-38834DC0A4AC_spk-0001_seg-0192071:0192515
C0F217F9-EEEA-4615-9C09-38834DC0A4AC_spk-0001_seg-0192515:0193439
C0F217F9-EEEA-4615-9C09-38834DC0A4AC_spk-0001_seg-0193439:0194194
C0F217F9-EEEA-4615-9C09-38834DC0A4AC_spk-0001_seg-0194194:0194560
C0F217F9-EEEA-4615-9C09-38834DC0A4AC_spk-0001_seg-0194560:0194986
C0F217F9-EEEA-4615-9C09-38834DC0A4AC_spk-0001_seg-0196093:0196531
C0F217F9-EEEA-4615-9C09-38834DC0A4AC_spk-0001_seg-0196531:0197010
C0F217F9-EEEA-4615-9C09-38834DC0A4AC_spk-0001_seg-0197403:0197934
C0F217F9-EEEA-4615-9C09-38834DC0A4AC_spk-0001_seg-0198204:0198638
C0F217F9-EEEA-4615-9C09-38834DC0A4AC_spk-0001_seg-0199913:0200399
C0F217F9-EEEA-4615-9C09-38834DC0A4AC_spk-0001_seg-0201104:0201874
C0F217F9-EEEA-4615-9C09-38834DC0A4AC_spk-0001_seg-0201874:0202406
C0F217F9-EEEA-4615-9C09-38834DC0A4AC_spk-0001_seg-0202406:0202904
C0F217F9-EEEA-4615-9C09-38834DC0A4AC_spk-0001_seg-0202904:0203413
C0F217F9-EEEA-4615-9C09-38834DC0A4AC_spk-0001_seg-0203413:0203833
C0F217F9-EEEA-4615-9C09-38834DC0A4AC_spk-0001_seg-0203833:0204541
C0F217F9-EEEA-4615-9C09-38834DC0A4AC_spk-0001_seg-0204541:0205148
C0F217F9-EEEA-4615-9C09-38834DC0A4AC_spk-0001_seg-0205148:0206044
C0F217F9-EEEA-4615-9C09-38834DC0A4AC_spk-0001_seg-0206559:0206771
C0F217F9-EEEA-4615-9C09-38834DC0A4AC_spk-0001_seg-0206771:0206931
C0F217F9-EEEA-4615-9C09-38834DC0A4AC_spk-0001_seg-0206931:0207426
C0F217F9-EEEA-4615-9C09-38834DC0A4AC_spk-0001_seg-0207426:0207971
C0F217F9-EEEA-4615-9C09-38834DC0A4AC_spk-0001_seg-0207971:0208319
C0F217F9-EEEA-4615-9C09-38834DC0A4AC_spk-0001_seg-0208319:0208737
C0F217F9-EEEA-4615-9C09-38834DC0A4AC_spk-0001_seg-0208737:0209244
C0F217F9-EEEA-4615-9C09-38834DC0A4AC_spk-0001_seg-0209244:0210058
C0F217F9-EEEA-4615-9C09-38834DC0A4AC_spk-0001_seg-0212185:0212726
C0F217F9-EEEA-4615-9C09-38834DC0A4AC_spk-0001_seg-0213048:0213625
C0F217F9-EEEA-4615-9C09-38834DC0A4AC_spk-0001_seg-0213625:0214194
C0F217F9-EEEA-4615-9C09-38834DC0A4AC_spk-0001_seg-0214194:0214973
C0F217F9-EEEA-4615-9C09-38834DC0A4AC_spk-0001_seg-0216928:0217305
C0F217F9-EEEA-4615-9C09-38834DC0A4AC_spk-0001_seg-0220621:0221176
C0F217F9-EEEA-4615-9C09-38834DC0A4AC_spk-0001_seg-0221176:0221627
C0F217F9-EEEA-4615-9C09-38834DC0A4AC_spk-0001_seg-0222358:0222960
C0F217F9-EEEA-4615-9C09-38834DC0A4AC_spk-0001_seg-0222960:0223269
C0F217F9-EEEA-4615-9C09-38834DC0A4AC_spk-0001_seg-0223269:0224459
C0F217F9-EEEA-4615-9C09-38834DC0A4AC_spk-0001_seg-0224459:0225126
C0F217F9-EEEA-4615-9C09-38834DC0A4AC_spk-0001_seg-0225669:0226182
C0F217F9-EEEA-4615-9C09-38834DC0A4AC_spk-0001_seg-0226559:0227006
C0F217F9-EEEA-4615-9C09-38834DC0A4AC_spk-0001_seg-0227006:0227263
C0F217F9-EEEA-4615-9C09-38834DC0A4AC_spk-0001_seg-0229690:0230013
C0F217F9-EEEA-4615-9C09-38834DC0A4AC_spk-0001_seg-0230013:0230316
C0F217F9-EEEA-4615-9C09-38834DC0A4AC_spk-0001_seg-0230316:0230819
C0F217F9-EEEA-4615-9C09-38834DC0A4AC_spk-0001_seg-0231548:0231991
C0F217F9-EEEA-4615-9C09-38834DC0A4AC_spk-0001_seg-0231991:0232571
C0F217F9-EEEA-4615-9C09-38834DC0A4AC_spk-0001_seg-0232571:0232931
C0F217F9-EEEA-4615-9C09-38834DC0A4AC_spk-0001_seg-0232931:0233617
C0F217F9-EEEA-4615-9C09-38834DC0A4AC_spk-0001_seg-0233942:0234426
C0F217F9-EEEA-4615-9C09-38834DC0A4AC_spk-0001_seg-0235744:0236126
C0F217F9-EEEA-4615-9C09-38834DC0A4AC_spk-0001_seg-0236126:0236917
C0F217F9-EEEA-4615-9C09-38834DC0A4AC_spk-0001_seg-0241239:0241834
C0F217F9-EEEA-4615-9C09-38834DC0A4AC_spk-0001_seg-0242341:0242990
C0F217F9-EEEA-4615-9C09-38834DC0A4AC_spk-0001_seg-0249912:0250626
C0F217F9-EEEA-4615-9C09-38834DC0A4AC_spk-0001_seg-0250626:0251082
C0F217F9-EEEA-4615-9C09-38834DC0A4AC_spk-0001_seg-0252092:0252431
C0F217F9-EEEA-4615-9C09-38834DC0A4AC_spk-0001_seg-0260012:0260598
C0F217F9-EEEA-4615-9C09-38834DC0A4AC_spk-0001_seg-0260971:0261494
C0F217F9-EEEA-4615-9C09-38834DC0A4AC_spk-0001_seg-0265697:0266585
C0F217F9-EEEA-4615-9C09-38834DC0A4AC_spk-0001_seg-0266585:0266957
C0F217F9-EEEA-4615-9C09-38834DC0A4AC_spk-0001_seg-0266957:0267241
C0F217F9-EEEA-4615-9C09-38834DC0A4AC_spk-0001_seg-0267241:0268055
C0F217F9-EEEA-4615-9C09-38834DC0A4AC_spk-0001_seg-0268055:0268409
C0F217F9-EEEA-4615-9C09-38834DC0A4AC_spk-0001_seg-0272638:0273200
C0F217F9-EEEA-4615-9C09-38834DC0A4AC_spk-0001_seg-0273200:0273742
C0F217F9-EEEA-4615-9C09-38834DC0A4AC_spk-0001_seg-0273742:0274696
C0F217F9-EEEA-4615-9C09-38834DC0A4AC_spk-0001_seg-0274696:0275119
C0F217F9-EEEA-4615-9C09-38834DC0A4AC_spk-0001_seg-0276682:0277523
C0F217F9-EEEA-4615-9C09-38834DC0A4AC_spk-0001_seg-0277523:0278151
C0F217F9-EEEA-4615-9C09-38834DC0A4AC_spk-0001_seg-0278151:0278955
C0F217F9-EEEA-4615-9C09-38834DC0A4AC_spk-0001_seg-0283566:0283972
C0F217F9-EEEA-4615-9C09-38834DC0A4AC_spk-0001_seg-0288335:0288781
C0F217F9-EEEA-4615-9C09-38834DC0A4AC_spk-0001_seg-0288781:0289408
C0F217F9-EEEA-4615-9C09-38834DC0A4AC_spk-0001_seg-0289408:0290005
C0F217F9-EEEA-4615-9C09-38834DC0A4AC_spk-0001_seg-0290005:0290642
DF03DEE2-EDBD-4134-8F86-3A6F0824C758_spk-0001_seg-0035126:0035553
DF03DEE2-EDBD-4134-8F86-3A6F0824C758_spk-0001_seg-0035553:0036304
DF03DEE2-EDBD-4134-8F86-3A6F0824C758_spk-0001_seg-0036304:0036793
DF03DEE2-EDBD-4134-8F86-3A6F0824C758_spk-0001_seg-0036793:0037362
DF03DEE2-EDBD-4134-8F86-3A6F0824C758_spk-0001_seg-0037362:0037991
DF03DEE2-EDBD-4134-8F86-3A6F0824C758_spk-0001_seg-0037991:0038678
DF03DEE2-EDBD-4134-8F86-3A6F0824C758_spk-0001_seg-0038678:0039375
DF03DEE2-EDBD-4134-8F86-3A6F0824C758_spk-0001_seg-0039375:0039795
DF03DEE2-EDBD-4134-8F86-3A6F0824C758_spk-0001_seg-0039795:0040595
DF03DEE2-EDBD-4134-8F86-3A6F0824C758_spk-0001_seg-0041953:0042695
DF03DEE2-EDBD-4134-8F86-3A6F0824C758_spk-0001_seg-0043197:0043663
DF03DEE2-EDBD-4134-8F86-3A6F0824C758_spk-0001_seg-0069763:0070655
DF03DEE2-EDBD-4134-8F86-3A6F0824C758_spk-0001_seg-0070655:0071432
DF03DEE2-EDBD-4134-8F86-3A6F0824C758_spk-0001_seg-0072340:0073113
DF03DEE2-EDBD-4134-8F86-3A6F0824C758_spk-0001_seg-0073882:0074597
DF03DEE2-EDBD-4134-8F86-3A6F0824C758_spk-0001_seg-0075398:0076284
DF03DEE2-EDBD-4134-8F86-3A6F0824C758_spk-0001_seg-0076284:0077101
DF03DEE2-EDBD-4134-8F86-3A6F0824C758_spk-0001_seg-0078598:0079275
DF03DEE2-EDBD-4134-8F86-3A6F0824C758_spk-0001_seg-0079275:0079707
DF03DEE2-EDBD-4134-8F86-3A6F0824C758_spk-0001_seg-0079707:0080303
DF03DEE2-EDBD-4134-8F86-3A6F0824C758_spk-0001_seg-0080303:0080986
DF03DEE2-EDBD-4134-8F86-3A6F0824C758_spk-0001_seg-0083347:0084137
DF03DEE2-EDBD-4134-8F86-3A6F0824C758_spk-0001_seg-0084137:0084706
DF03DEE2-EDBD-4134-8F86-3A6F0824C758_spk-0001_seg-0084706:0085504
DF03DEE2-EDBD-4134-8F86-3A6F0824C758_spk-0001_seg-0086650:0087305
DF03DEE2-EDBD-4134-8F86-3A6F0824C758_spk-0001_seg-0087305:0087793
DF03DEE2-EDBD-4134-8F86-3A6F0824C758_spk-0001_seg-0112177:0112694
DF03DEE2-EDBD-4134-8F86-3A6F0824C758_spk-0001_seg-0112694:0113295
DF03DEE2-EDBD-4134-8F86-3A6F0824C758_spk-0001_seg-0113295:0113944
DF03DEE2-EDBD-4134-8F86-3A6F0824C758_spk-0001_seg-0123365:0124133
DF03DEE2-EDBD-4134-8F86-3A6F0824C758_spk-0001_seg-0127761:0128458
DF03DEE2-EDBD-4134-8F86-3A6F0824C758_spk-0001_seg-0129714:0130491
DF03DEE2-EDBD-4134-8F86-3A6F0824C758_spk-0001_seg-0145827:0146308
DF03DEE2-EDBD-4134-8F86-3A6F0824C758_spk-0001_seg-0146308:0147089
DF03DEE2-EDBD-4134-8F86-3A6F0824C758_spk-0001_seg-0150955:0151589
DF03DEE2-EDBD-4134-8F86-3A6F0824C758_spk-0001_seg-0151589:0152377
DF03DEE2-EDBD-4134-8F86-3A6F0824C758_spk-0001_seg-0152377:0153069
DF03DEE2-EDBD-4134-8F86-3A6F0824C758_spk-0001_seg-0157541:0158316
DF03DEE2-EDBD-4134-8F86-3A6F0824C758_spk-0001_seg-0158316:0159057
DF03DEE2-EDBD-4134-8F86-3A6F0824C758_spk-0001_seg-0159826:0160582
DF03DEE2-EDBD-4134-8F86-3A6F0824C758_spk-0001_seg-0160582:0161330
DF03DEE2-EDBD-4134-8F86-3A6F0824C758_spk-0001_seg-0161330:0162102
DF03DEE2-EDBD-4134-8F86-3A6F0824C758_spk-0001_seg-0162102:0162648
DF03DEE2-EDBD-4134-8F86-3A6F0824C758_spk-0001_seg-0162648:0163404
DF03DEE2-EDBD-4134-8F86-3A6F0824C758_spk-0001_seg-0164132:0164781
DF03DEE2-EDBD-4134-8F86-3A6F0824C758_spk-0001_seg-0164781:0165496
DF03DEE2-EDBD-4134-8F86-3A6F0824C758_spk-0001_seg-0165496:0166473
DF03DEE2-EDBD-4134-8F86-3A6F0824C758_spk-0001_seg-0167185:0168049
DF03DEE2-EDBD-4134-8F86-3A6F0824C758_spk-0001_seg-0170956:0171687
DF03DEE2-EDBD-4134-8F86-3A6F0824C758_spk-0001_seg-0172412:0173188
DF03DEE2-EDBD-4134-8F86-3A6F0824C758_spk-0001_seg-0173188:0173889
DF03DEE2-EDBD-4134-8F86-3A6F0824C758_spk-0001_seg-0174682:0175330
DF03DEE2-EDBD-4134-8F86-3A6F0824C758_spk-0001_seg-0175330:0175743
DF03DEE2-EDBD-4134-8F86-3A6F0824C758_spk-0001_seg-0175743:0176232
DF03DEE2-EDBD-4134-8F86-3A6F0824C758_spk-0001_seg-0176232:0176641
DF03DEE2-EDBD-4134-8F86-3A6F0824C758_spk-0001_seg-0176641:0177254
DF03DEE2-EDBD-4134-8F86-3A6F0824C758_spk-0001_seg-0178704:0179532
DF03DEE2-EDBD-4134-8F86-3A6F0824C758_spk-0001_seg-0179532:0180199
DF03DEE2-EDBD-4134-8F86-3A6F0824C758_spk-0001_seg-0180199:0180714
DF03DEE2-EDBD-4134-8F86-3A6F0824C758_spk-0001_seg-0180714:0181591
DF03DEE2-EDBD-4134-8F86-3A6F0824C758_spk-0001_seg-0184710:0185491
DF03DEE2-EDBD-4134-8F86-3A6F0824C758_spk-0001_seg-0185491:0186097
DF03DEE2-EDBD-4134-8F86-3A6F0824C758_spk-0001_seg-0186814:0187552
DF03DEE2-EDBD-4134-8F86-3A6F0824C758_spk-0001_seg-0187552:0188264
DF03DEE2-EDBD-4134-8F86-3A6F0824C758_spk-0001_seg-0188805:0189340
DF03DEE2-EDBD-4134-8F86-3A6F0824C758_spk-0001_seg-0189340:0190129
DF03DEE2-EDBD-4134-8F86-3A6F0824C758_spk-0001_seg-0190129:0190896
DF03DEE2-EDBD-4134-8F86-3A6F0824C758_spk-0001_seg-0202110:0203020
DF03DEE2-EDBD-4134-8F86-3A6F0824C758_spk-0001_seg-0203020:0203900
DF03DEE2-EDBD-4134-8F86-3A6F0824C758_spk-0001_seg-0204526:0205234
DF03DEE2-EDBD-4134-8F86-3A6F0824C758_spk-0001_seg-0207576:0208169
DF03DEE2-EDBD-4134-8F86-3A6F0824C758_spk-0001_seg-0208169:0209015
DF03DEE2-EDBD-4134-8F86-3A6F0824C758_spk-0001_seg-0213336:0214040
DF03DEE2-EDBD-4134-8F86-3A6F0824C758_spk-0001_seg-0223962:0224676
DF03DEE2-EDBD-4134-8F86-3A6F0824C758_spk-0001_seg-0229448:0230317
DF03DEE2-EDBD-4134-8F86-3A6F0824C758_spk-0001_seg-0230317:0231171
DF03DEE2-EDBD-4134-8F86-3A6F0824C758_spk-0001_seg-0231901:0232771
DF03DEE2-EDBD-4134-8F86-3A6F0824C758_spk-0001_seg-0232771:0233214
DF03DEE2-EDBD-4134-8F86-3A6F0824C758_spk-0001_seg-0234017:0234330
DF03DEE2-EDBD-4134-8F86-3A6F0824C758_spk-0001_seg-0234330:0235169
DF03DEE2-EDBD-4134-8F86-3A6F0824C758_spk-0001_seg-0236615:0237334
DF03DEE2-EDBD-4134-8F86-3A6F0824C758_spk-0001_seg-0240998:0241661
DF03DEE2-EDBD-4134-8F86-3A6F0824C758_spk-0001_seg-0241661:0242317
DF03DEE2-EDBD-4134-8F86-3A6F0824C758_spk-0001_seg-0242317:0242846
DF03DEE2-EDBD-4134-8F86-3A6F0824C758_spk-0001_seg-0242846:0243611
DF03DEE2-EDBD-4134-8F86-3A6F0824C758_spk-0001_seg-0251787:0252567
DF03DEE2-EDBD-4134-8F86-3A6F0824C758_spk-0001_seg-0252567:0253200
DF03DEE2-EDBD-4134-8F86-3A6F0824C758_spk-0001_seg-0257898:0258688
DF03DEE2-EDBD-4134-8F86-3A6F0824C758_spk-0001_seg-0260896:0261688
DF03DEE2-EDBD-4134-8F86-3A6F0824C758_spk-0001_seg-0261688:0262333
DF03DEE2-EDBD-4134-8F86-3A6F0824C758_spk-0001_seg-0262333:0262931
DF03DEE2-EDBD-4134-8F86-3A6F0824C758_spk-0001_seg-0271935:0272848
DF03DEE2-EDBD-4134-8F86-3A6F0824C758_spk-0001_seg-0291237:0292185
DF03DEE2-EDBD-4134-8F86-3A6F0824C758_spk-0001_seg-0292185:0292992
DF03DEE2-EDBD-4134-8F86-3A6F0824C758_spk-0001_seg-0292992:0293807
DF03DEE2-EDBD-4134-8F86-3A6F0824C758_spk-0001_seg-0293807:0294613
DF03DEE2-EDBD-4134-8F86-3A6F0824C758_spk-0001_seg-0295472:0296324
DF03DEE2-EDBD-4134-8F86-3A6F0824C758_spk-0001_seg-0297572:0298194
E9F61E00-7A59-45A6-B3EC-7408D7015170_spk-0001_seg-0045700:0046693
E9F61E00-7A59-45A6-B3EC-7408D7015170_spk-0001_seg-0048010:0048693
E9F61E00-7A59-45A6-B3EC-7408D7015170_spk-0001_seg-0059429:0059947
E9F61E00-7A59-45A6-B3EC-7408D7015170_spk-0001_seg-0073064:0073879
E9F61E00-7A59-45A6-B3EC-7408D7015170_spk-0001_seg-0084607:0085425
E9F61E00-7A59-45A6-B3EC-7408D7015170_spk-0001_seg-0085425:0085920
E9F61E00-7A59-45A6-B3EC-7408D7015170_spk-0001_seg-0086643:0087393
E9F61E00-7A59-45A6-B3EC-7408D7015170_spk-0001_seg-0088467:0089107
E9F61E00-7A59-45A6-B3EC-7408D7015170_spk-0001_seg-0089461:0090042
E9F61E00-7A59-45A6-B3EC-7408D7015170_spk-0001_seg-0097734:0098437
E9F61E00-7A59-45A6-B3EC-7408D7015170_spk-0001_seg-0105767:0106427
E9F61E00-7A59-45A6-B3EC-7408D7015170_spk-0001_seg-0106427:0107118
E9F61E00-7A59-45A6-B3EC-7408D7015170_spk-0001_seg-0112959:0113648
E9F61E00-7A59-45A6-B3EC-7408D7015170_spk-0001_seg-0132730:0133536
E9F61E00-7A59-45A6-B3EC-7408D7015170_spk-0001_seg-0133536:0134322
E9F61E00-7A59-45A6-B3EC-7408D7015170_spk-0001_seg-0134322:0135022
E9F61E00-7A59-45A6-B3EC-7408D7015170_spk-0001_seg-0135933:0136735
E9F61E00-7A59-45A6-B3EC-7408D7015170_spk-0001_seg-0137508:0138233
E9F61E00-7A59-45A6-B3EC-7408D7015170_spk-0001_seg-0141650:0142363
E9F61E00-7A59-45A6-B3EC-7408D7015170_spk-0001_seg-0142363:0143163
E9F61E00-7A59-45A6-B3EC-7408D7015170_spk-0001_seg-0149908:0150749
E9F61E00-7A59-45A6-B3EC-7408D7015170_spk-0001_seg-0150749:0151604
