01BE8E7B-C179-42E3-8521-109C2C732334_spk-0001_seg-0008230:0008527
01BE8E7B-C179-42E3-8521-109C2C732334_spk-0001_seg-0027514:0027824
01BE8E7B-C179-42E3-8521-109C2C732334_spk-0001_seg-0047684:0048037
01BE8E7B-C179-42E3-8521-109C2C732334_spk-0001_seg-0064754:0065036
01BE8E7B-C179-42E3-8521-109C2C732334_spk-0001_seg-0082286:0082683
01BE8E7B-C179-42E3-8521-109C2C732334_spk-0001_seg-0099708:0099979
01BE8E7B-C179-42E3-8521-109C2C732334_spk-0001_seg-0113721:0114107
01BE8E7B-C179-42E3-8521-109C2C732334_spk-0001_seg-0121318:0121650
01BE8E7B-C179-42E3-8521-109C2C732334_spk-0001_seg-0129667:0129913
01BE8E7B-C179-42E3-8521-109C2C732334_spk-0001_seg-0137230:0137447
01BE8E7B-C179-42E3-8521-109C2C732334_spk-0001_seg-0143483:0143811
0D58D15F-A9C0-4E65-9270-A36A9E016B18_spk-0001_seg-0029445:0029745
0D58D15F-A9C0-4E65-9270-A36A9E016B18_spk-0001_seg-0050539:0050783
0D58D15F-A9C0-4E65-9270-A36A9E016B18_spk-0001_seg-0053834:0054202
0D58D15F-A9C0-4E65-9270-A36A9E016B18_spk-0001_seg-0078952:0079316
0D58D15F-A9C0-4E65-9270-A36A9E016B18_spk-0001_seg-0100178:0100546
0D58D15F-A9C0-4E65-9270-A36A9E016B18_spk-0001_seg-0118778:0119157
0D58D15F-A9C0-4E65-9270-A36A9E016B18_spk-0001_seg-0143380:0143738
5331FFF2-358E-445E-BA71-74B745387304_spk-0001_seg-0029542:0029970
5331FFF2-358E-445E-BA71-74B745387304_spk-0001_seg-0035956:0036471
5331FFF2-358E-445E-BA71-74B745387304_spk-0001_seg-0058451:0058786
5331FFF2-358E-445E-BA71-74B745387304_spk-0001_seg-0104313:0105280
5331FFF2-358E-445E-BA71-74B745387304_spk-0001_seg-0109419:0109696
5331FFF2-358E-445E-BA71-74B745387304_spk-0001_seg-0120435:0120928
94D37D38-B203-4FC0-9F3A-538F5C174920_spk-0001_seg-0022777:0023197
94D37D38-B203-4FC0-9F3A-538F5C174920_spk-0001_seg-0029202:0029604
94D37D38-B203-4FC0-9F3A-538F5C174920_spk-0001_seg-0047583:0048001
94D37D38-B203-4FC0-9F3A-538F5C174920_spk-0001_seg-0076091:0076507
94D37D38-B203-4FC0-9F3A-538F5C174920_spk-0001_seg-0081472:0081845
94D37D38-B203-4FC0-9F3A-538F5C174920_spk-0001_seg-0213959:0214367
B05F2153-99B1-4F8D-80EE-332CD2CE38AD_spk-0001_seg-0061870:0062263
B05F2153-99B1-4F8D-80EE-332CD2CE38AD_spk-0001_seg-0077151:0077562
B05F2153-99B1-4F8D-80EE-332CD2CE38AD_spk-0001_seg-0104408:0104894
B8DBA457-2FE6-4A30-B67C-2543E6FAFDAC_spk-0001_seg-0075552:0075917
B8DBA457-2FE6-4A30-B67C-2543E6FAFDAC_spk-0001_seg-0089147:0089501
B8DBA457-2FE6-4A30-B67C-2543E6FAFDAC_spk-0001_seg-0136087:0136494
DF03DEE2-EDBD-4134-8F86-3A6F0824C758_spk-0001_seg-0190896:0191344
E9F61E00-7A59-45A6-B3EC-7408D7015170_spk-0001_seg-0031720:0032130
E9F61E00-7A59-45A6-B3EC-7408D7015170_spk-0001_seg-0051594:0052197
E9F61E00-7A59-45A6-B3EC-7408D7015170_spk-0001_seg-0062362:0062872
E9F61E00-7A59-45A6-B3EC-7408D7015170_spk-0001_seg-0096242:0096741
E9F61E00-7A59-45A6-B3EC-7408D7015170_spk-0001_seg-0099404:0099802
E9F61E00-7A59-45A6-B3EC-7408D7015170_spk-0001_seg-0109038:0109507
E9F61E00-7A59-45A6-B3EC-7408D7015170_spk-0001_seg-0115658:0116007
E9F61E00-7A59-45A6-B3EC-7408D7015170_spk-0001_seg-0144493:0144992
