# lattice-best-path --lm-scale=7 --word-symbol-table=exp/mono/graph/words.txt "ark:gunzip -c exp/mono/decode/lat.*.gz|" ark,t:exp/mono/decode/scoring/7.tra 
# Started at Tue May 16 14:40:44 IST 2017
#
lattice-best-path --lm-scale=7 --word-symbol-table=exp/mono/graph/words.txt 'ark:gunzip -c exp/mono/decode/lat.*.gz|' ark,t:exp/mono/decode/scoring/7.tra 
LOG (lattice-best-path[5.1.87~1-6eebc]:main():lattice-best-path.cc:99) For utterance Speaker1_1_1_1_0_0_0_0_1, best cost 244.23 + 49929 = 50173.2 over 602 frames.
Speaker1_1_1_1_0_0_0_0_1 can can can no no no no can 
LOG (lattice-best-path[5.1.87~1-6eebc]:main():lattice-best-path.cc:99) For utterance Speaker1_1_1_1_0_0_1_0_1, best cost 271.02 + 52583 = 52854.1 over 633 frames.
Speaker1_1_1_1_0_0_1_0_1 can can can no no can no can 
LOG (lattice-best-path[5.1.87~1-6eebc]:main():lattice-best-path.cc:99) For utterance Speaker1_1_1_1_0_0_1_1_1, best cost 290.787 + 49304.8 = 49595.6 over 569 frames.
Speaker1_1_1_1_0_0_1_1_1 can can can no no can can can 
LOG (lattice-best-path[5.1.87~1-6eebc]:main():lattice-best-path.cc:99) For utterance Speaker1_1_1_1_0_1_0_1_0, best cost 241.919 + 51251.4 = 51493.3 over 605 frames.
Speaker1_1_1_1_0_1_0_1_0 can can can no can no can no 
LOG (lattice-best-path[5.1.87~1-6eebc]:main():lattice-best-path.cc:99) For utterance Speaker1_1_1_1_0_1_0_1_1, best cost 245.752 + 51924.5 = 52170.3 over 620 frames.
Speaker1_1_1_1_0_1_0_1_1 can can can no can no can can 
LOG (lattice-best-path[5.1.87~1-6eebc]:main():lattice-best-path.cc:99) For utterance Speaker1_1_1_1_1_0_0_1_0, best cost 302.733 + 56069.1 = 56371.8 over 670 frames.
Speaker1_1_1_1_1_0_0_1_0 can can can can no no can no 
LOG (lattice-best-path[5.1.87~1-6eebc]:main():lattice-best-path.cc:99) For utterance Speaker1_1_1_1_1_0_1_0_0, best cost 291.757 + 47823.5 = 48115.2 over 538 frames.
Speaker1_1_1_1_1_0_1_0_0 can can can can can no can no no 
LOG (lattice-best-path[5.1.87~1-6eebc]:main():lattice-best-path.cc:99) For utterance Speaker1_1_1_1_1_1_0_0_0, best cost 303.535 + 52976.8 = 53280.3 over 612 frames.
Speaker1_1_1_1_1_1_0_0_0 can can can can can no no no 
LOG (lattice-best-path[5.1.87~1-6eebc]:main():lattice-best-path.cc:99) For utterance Speaker1_1_1_1_1_1_1_0_0, best cost 303.511 + 56505.9 = 56809.5 over 656 frames.
Speaker1_1_1_1_1_1_1_0_0 can can can can can can no no 
LOG (lattice-best-path[5.1.87~1-6eebc]:main():lattice-best-path.cc:99) For utterance Speaker1_1_1_1_1_1_1_1_1, best cost 305.165 + 52546.7 = 52851.8 over 644 frames.
Speaker1_1_1_1_1_1_1_1_1 can can can can can can can can 
LOG (lattice-best-path[5.1.87~1-6eebc]:main():lattice-best-path.cc:124) Overall cost per frame is 85.1708 = 0.455425 [graph] + 84.7153 [acoustic] over 6149 frames.
LOG (lattice-best-path[5.1.87~1-6eebc]:main():lattice-best-path.cc:128) Done 10 lattices, failed for 0
# Accounting: time=0 threads=1
# Ended (code 0) at Tue May 16 14:40:44 IST 2017, elapsed time 0 seconds
