# lattice-best-path --lm-scale=13 --word-symbol-table=exp/mono/graph/words.txt "ark:gunzip -c exp/mono/decode/lat.*.gz|" ark,t:exp/mono/decode/scoring/13.tra 
# Started at Tue May 16 14:40:44 IST 2017
#
lattice-best-path --lm-scale=13 --word-symbol-table=exp/mono/graph/words.txt 'ark:gunzip -c exp/mono/decode/lat.*.gz|' ark,t:exp/mono/decode/scoring/13.tra 
LOG (lattice-best-path[5.1.87~1-6eebc]:main():lattice-best-path.cc:99) For utterance Speaker1_1_1_1_0_0_0_0_1, best cost 453.569 + 49929 = 50382.6 over 602 frames.
Speaker1_1_1_1_0_0_0_0_1 can can can no no no no can 
LOG (lattice-best-path[5.1.87~1-6eebc]:main():lattice-best-path.cc:99) For utterance Speaker1_1_1_1_0_0_1_0_1, best cost 503.322 + 52583 = 53086.4 over 633 frames.
Speaker1_1_1_1_0_0_1_0_1 can can can no no can no can 
LOG (lattice-best-path[5.1.87~1-6eebc]:main():lattice-best-path.cc:99) For utterance Speaker1_1_1_1_0_0_1_1_1, best cost 540.033 + 49304.8 = 49844.8 over 569 frames.
Speaker1_1_1_1_0_0_1_1_1 can can can no no can can can 
LOG (lattice-best-path[5.1.87~1-6eebc]:main():lattice-best-path.cc:99) For utterance Speaker1_1_1_1_0_1_0_1_0, best cost 449.279 + 51251.4 = 51700.6 over 605 frames.
Speaker1_1_1_1_0_1_0_1_0 can can can no can no can no 
LOG (lattice-best-path[5.1.87~1-6eebc]:main():lattice-best-path.cc:99) For utterance Speaker1_1_1_1_0_1_0_1_1, best cost 456.397 + 51924.5 = 52380.9 over 620 frames.
Speaker1_1_1_1_0_1_0_1_1 can can can no can no can can 
LOG (lattice-best-path[5.1.87~1-6eebc]:main():lattice-best-path.cc:99) For utterance Speaker1_1_1_1_1_0_0_1_0, best cost 562.218 + 56069.1 = 56631.3 over 670 frames.
Speaker1_1_1_1_1_0_0_1_0 can can can can no no can no 
LOG (lattice-best-path[5.1.87~1-6eebc]:main():lattice-best-path.cc:99) For utterance Speaker1_1_1_1_1_0_1_0_0, best cost 541.835 + 47823.5 = 48365.3 over 538 frames.
Speaker1_1_1_1_1_0_1_0_0 can can can can can no can no no 
LOG (lattice-best-path[5.1.87~1-6eebc]:main():lattice-best-path.cc:99) For utterance Speaker1_1_1_1_1_1_0_0_0, best cost 563.708 + 52976.8 = 53540.5 over 612 frames.
Speaker1_1_1_1_1_1_0_0_0 can can can can can no no no 
LOG (lattice-best-path[5.1.87~1-6eebc]:main():lattice-best-path.cc:99) For utterance Speaker1_1_1_1_1_1_1_0_0, best cost 563.662 + 56505.9 = 57069.6 over 656 frames.
Speaker1_1_1_1_1_1_1_0_0 can can can can can can no no 
LOG (lattice-best-path[5.1.87~1-6eebc]:main():lattice-best-path.cc:99) For utterance Speaker1_1_1_1_1_1_1_1_1, best cost 566.735 + 52546.7 = 53113.4 over 644 frames.
Speaker1_1_1_1_1_1_1_1_1 can can can can can can can can 
LOG (lattice-best-path[5.1.87~1-6eebc]:main():lattice-best-path.cc:124) Overall cost per frame is 85.5611 = 0.845789 [graph] + 84.7153 [acoustic] over 6149 frames.
LOG (lattice-best-path[5.1.87~1-6eebc]:main():lattice-best-path.cc:128) Done 10 lattices, failed for 0
# Accounting: time=0 threads=1
# Ended (code 0) at Tue May 16 14:40:44 IST 2017, elapsed time 0 seconds
