# lattice-best-path --lm-scale=16 --word-symbol-table=exp/mono/graph/words.txt "ark:gunzip -c exp/mono/decode/lat.*.gz|" ark,t:exp/mono/decode/scoring/16.tra 
# Started at Tue May 16 14:40:44 IST 2017
#
lattice-best-path --lm-scale=16 --word-symbol-table=exp/mono/graph/words.txt 'ark:gunzip -c exp/mono/decode/lat.*.gz|' ark,t:exp/mono/decode/scoring/16.tra 
LOG (lattice-best-path[5.1.87~1-6eebc]:main():lattice-best-path.cc:99) For utterance Speaker1_1_1_1_0_0_0_0_1, best cost 558.239 + 49929 = 50487.2 over 602 frames.
Speaker1_1_1_1_0_0_0_0_1 can can can no no no no can 
LOG (lattice-best-path[5.1.87~1-6eebc]:main():lattice-best-path.cc:99) For utterance Speaker1_1_1_1_0_0_1_0_1, best cost 619.473 + 52583 = 53202.5 over 633 frames.
Speaker1_1_1_1_0_0_1_0_1 can can can no no can no can 
LOG (lattice-best-path[5.1.87~1-6eebc]:main():lattice-best-path.cc:99) For utterance Speaker1_1_1_1_0_0_1_1_1, best cost 664.656 + 49304.8 = 49969.4 over 569 frames.
Speaker1_1_1_1_0_0_1_1_1 can can can no no can can can 
LOG (lattice-best-path[5.1.87~1-6eebc]:main():lattice-best-path.cc:99) For utterance Speaker1_1_1_1_0_1_0_1_0, best cost 552.959 + 51251.4 = 51804.3 over 605 frames.
Speaker1_1_1_1_0_1_0_1_0 can can can no can no can no 
LOG (lattice-best-path[5.1.87~1-6eebc]:main():lattice-best-path.cc:99) For utterance Speaker1_1_1_1_0_1_0_1_1, best cost 561.72 + 51924.5 = 52486.2 over 620 frames.
Speaker1_1_1_1_0_1_0_1_1 can can can no can no can can 
LOG (lattice-best-path[5.1.87~1-6eebc]:main():lattice-best-path.cc:99) For utterance Speaker1_1_1_1_1_0_0_1_0, best cost 691.96 + 56069.1 = 56761.1 over 670 frames.
Speaker1_1_1_1_1_0_0_1_0 can can can can no no can no 
LOG (lattice-best-path[5.1.87~1-6eebc]:main():lattice-best-path.cc:99) For utterance Speaker1_1_1_1_1_0_1_0_0, best cost 666.874 + 47823.5 = 48490.4 over 538 frames.
Speaker1_1_1_1_1_0_1_0_0 can can can can can no can no no 
LOG (lattice-best-path[5.1.87~1-6eebc]:main():lattice-best-path.cc:99) For utterance Speaker1_1_1_1_1_1_0_0_0, best cost 693.794 + 52976.8 = 53670.6 over 612 frames.
Speaker1_1_1_1_1_1_0_0_0 can can can can can no no no 
LOG (lattice-best-path[5.1.87~1-6eebc]:main():lattice-best-path.cc:99) For utterance Speaker1_1_1_1_1_1_1_0_0, best cost 693.738 + 56505.9 = 57199.7 over 656 frames.
Speaker1_1_1_1_1_1_1_0_0 can can can can can can no no 
LOG (lattice-best-path[5.1.87~1-6eebc]:main():lattice-best-path.cc:99) For utterance Speaker1_1_1_1_1_1_1_1_1, best cost 697.52 + 52546.7 = 53244.2 over 644 frames.
Speaker1_1_1_1_1_1_1_1_1 can can can can can can can can 
LOG (lattice-best-path[5.1.87~1-6eebc]:main():lattice-best-path.cc:124) Overall cost per frame is 85.7563 = 1.04097 [graph] + 84.7153 [acoustic] over 6149 frames.
LOG (lattice-best-path[5.1.87~1-6eebc]:main():lattice-best-path.cc:128) Done 10 lattices, failed for 0
# Accounting: time=0 threads=1
# Ended (code 0) at Tue May 16 14:40:44 IST 2017, elapsed time 0 seconds
